16:46:43,289 |-INFO in ch.qos.logback.classic.LoggerContext[default] - Could NOT find resource [logback-test.xml]
16:46:43,289 |-INFO in ch.qos.logback.classic.LoggerContext[default] - Could NOT find resource [logback.groovy]
16:46:43,289 |-INFO in ch.qos.logback.classic.LoggerContext[default] - Found resource [logback.xml] at [jar:file:/data/wenfeng/heapster_artifact/ae/heapster-1.0-SNAPSHOT-jar-with-dependencies.jar!/logback.xml]
16:46:43,301 |-INFO in ch.qos.logback.core.joran.spi.ConfigurationWatchList@67117f44 - URL [jar:file:/data/wenfeng/heapster_artifact/ae/heapster-1.0-SNAPSHOT-jar-with-dependencies.jar!/logback.xml] is not of type file
16:46:43,336 |-INFO in ch.qos.logback.classic.joran.action.ConfigurationAction - debug attribute not set
16:46:43,336 |-INFO in ch.qos.logback.core.joran.action.AppenderAction - About to instantiate appender of type [ch.qos.logback.core.ConsoleAppender]
16:46:43,341 |-INFO in ch.qos.logback.core.joran.action.AppenderAction - Naming appender as [STDOUT]
16:46:43,379 |-WARN in ch.qos.logback.core.ConsoleAppender[STDOUT] - This appender no longer admits a layout as a sub-component, set an encoder instead.
16:46:43,379 |-WARN in ch.qos.logback.core.ConsoleAppender[STDOUT] - To ensure compatibility, wrapping your layout in LayoutWrappingEncoder.
16:46:43,379 |-WARN in ch.qos.logback.core.ConsoleAppender[STDOUT] - See also http://logback.qos.ch/codes.html#layoutInsteadOfEncoder for details
16:46:43,379 |-INFO in ch.qos.logback.core.joran.action.AppenderAction - About to instantiate appender of type [ch.qos.logback.classic.sift.SiftingAppender]
16:46:43,382 |-INFO in ch.qos.logback.core.joran.action.AppenderAction - Naming appender as [SIFT]
16:46:43,391 |-INFO in ch.qos.logback.core.joran.action.NestedComplexPropertyIA - Assuming default type [ch.qos.logback.classic.sift.MDCBasedDiscriminator] for [discriminator] property
16:46:43,394 |-INFO in ch.qos.logback.classic.joran.action.RootLoggerAction - Setting level of ROOT logger to INFO
16:46:43,394 |-INFO in ch.qos.logback.core.joran.action.AppenderRefAction - Attaching appender named [STDOUT] to Logger[ROOT]
16:46:43,394 |-INFO in ch.qos.logback.classic.joran.action.ConfigurationAction - End of configuration.
16:46:43,394 |-INFO in ch.qos.logback.classic.joran.JoranConfigurator@5d3411d - Registering current configuration as safe fallback point

2021-12-30 16:46:43 [main] INFO  d.u.t.heapdumps.analysis.Driver - Starting analysis with options - HeapDumps: true, StaticFallback: false, Iterative: false
2021-12-30 16:46:43 [main] INFO  s.j.i.taintWrappers.EasyTaintWrapper - Loaded wrapper entries for 90 classes and 12 exclusions.
2021-12-30 16:46:43 [main] INFO  s.j.i.android.SetupApplication - Initializing Soot...
2021-12-30 16:46:43 [main] INFO  s.j.i.android.SetupApplication - Loading dex files...
2021-12-30 16:46:47 [main] INFO  s.j.i.android.SetupApplication - ARSC file parsing took 0.322503616 seconds
2021-12-30 16:46:47 [main] INFO  s.j.i.a.e.AndroidEntryPointCreator - Creating Android entry point for 116 components...
2021-12-30 16:46:47 [main] INFO  s.j.i.android.SetupApplication - Constructing the callgraph...
2021-12-30 16:46:48 [main] INFO  s.j.s.heapdumpparser.PointToHeapDump - Reading heapDump from /data/wenfeng/heapster_artifact/ae/evaluation-scripts/../DroidMacroBench_snapshots/com.contextlogic.wish.apk/2019-01-14_15_01_10/1547475260396.hprof
2021-12-30 16:46:48 [main] INFO  s.j.i.memory.MemoryWarningSystem - Shutting down the memory warning system...
2021-12-30 16:46:48 [main] ERROR d.u.t.heapdumps.analysis.Driver - An exception broke the analysis...
java.lang.NoClassDefFoundError: com/sun/tools/hat/internal/parser/Reader
	at soot.jimple.spark.heapdumpparser.PointToHeapDump.getSnapshotFromFile(PointToHeapDump.java:353)
	at soot.jimple.spark.heapdumpparser.PointToHeapDump.create(PointToHeapDump.java:264)
	at java.util.stream.ReferencePipeline$3$1.accept(ReferencePipeline.java:193)
	at java.util.stream.ReferencePipeline$2$1.accept(ReferencePipeline.java:175)
	at java.util.stream.ReferencePipeline$3$1.accept(ReferencePipeline.java:193)
	at java.util.Spliterators$ArraySpliterator.forEachRemaining(Spliterators.java:948)
	at java.util.stream.AbstractPipeline.copyInto(AbstractPipeline.java:482)
	at java.util.stream.AbstractPipeline.wrapAndCopyInto(AbstractPipeline.java:472)
	at java.util.stream.ReduceOps$ReduceOp.evaluateSequential(ReduceOps.java:708)
	at java.util.stream.AbstractPipeline.evaluate(AbstractPipeline.java:234)
	at java.util.stream.ReferencePipeline.reduce(ReferencePipeline.java:546)
	at soot.jimple.spark.heapdumpparser.PointToHeapDump.create(PointToHeapDump.java:202)
	at soot.jimple.spark.SparkTransformer.internalTransform(SparkTransformer.java:149)
	at soot.SceneTransformer.transform(SceneTransformer.java:36)
	at soot.Transform.apply(Transform.java:102)
	at soot.RadioScenePack.internalApply(RadioScenePack.java:68)
	at soot.jimple.toolkits.callgraph.CallGraphPack.internalApply(CallGraphPack.java:58)
	at soot.Pack.apply(Pack.java:117)
	at soot.jimple.infoflow.android.SetupApplication.constructCallgraphInternal(SetupApplication.java:586)
	at soot.jimple.infoflow.android.SetupApplication.calculateCallbackMethods(SetupApplication.java:699)
	at soot.jimple.infoflow.android.SetupApplication.calculateCallbacks(SetupApplication.java:498)
	at soot.jimple.infoflow.android.SetupApplication.calculateCallbacks(SetupApplication.java:466)
	at soot.jimple.infoflow.android.SetupApplication.processEntryPoint(SetupApplication.java:1454)
	at soot.jimple.infoflow.android.SetupApplication.runInfoflow(SetupApplication.java:1418)
	at de.upb.testify.heapdumps.analysis.Driver.runAnalysis(Driver.java:144)
	at de.upb.testify.heapdumps.analysis.Driver.main(Driver.java:75)
Caused by: java.lang.ClassNotFoundException: com.sun.tools.hat.internal.parser.Reader
	at java.net.URLClassLoader.findClass(URLClassLoader.java:387)
	at java.lang.ClassLoader.loadClass(ClassLoader.java:418)
	at sun.misc.Launcher$AppClassLoader.loadClass(Launcher.java:352)
	at java.lang.ClassLoader.loadClass(ClassLoader.java:351)
	... 26 common frames omitted
Command exited with non-zero status 255
	Command being timed: "java -d64 -Xmx80G -jar ../heapster-1.0-SNAPSHOT-jar-with-dependencies.jar -dis activity_last -d ../DroidMacroBench_snapshots/com.contextlogic.wish.apk/2019-01-14_15_01_10/1547475260396.hprof:../DroidMacroBench_snapshots/com.contextlogic.wish.apk/2019-01-14_15_01_10/1547475569609.hprof:../DroidMacroBench_snapshots/com.contextlogic.wish.apk/2019-01-14_15_01_10/1547475721623.hprof:../DroidMacroBench_snapshots/com.contextlogic.wish.apk/2019-01-14_15_01_10/1547476322877.hprof:../DroidMacroBench_snapshots/com.contextlogic.wish.apk/2019-01-14_15_01_10/1547476246250.hprof:../DroidMacroBench_snapshots/com.contextlogic.wish.apk/2019-01-14_15_01_10/1547475784342.hprof:../DroidMacroBench_snapshots/com.contextlogic.wish.apk/2019-01-14_15_01_10/1547476044537.hprof:../DroidMacroBench_snapshots/com.contextlogic.wish.apk/2019-01-14_15_01_10/1547475112701.hprof:../DroidMacroBench_snapshots/com.contextlogic.wish.apk/2019-01-14_15_01_10/1547474473246.hprof:../DroidMacroBench_snapshots/com.contextlogic.wish.apk/2019-01-14_15_01_10/1547476186867.hprof:../DroidMacroBench_snapshots/com.contextlogic.wish.apk/2019-01-14_15_01_10/1547477262841.hprof:../DroidMacroBench_snapshots/com.contextlogic.wish.apk/2019-01-14_15_01_10/1547475880549.hprof:../DroidMacroBench_snapshots/com.contextlogic.wish.apk/2019-01-14_15_01_10/1547476201954.hprof:../DroidMacroBench_snapshots/com.contextlogic.wish.apk/2019-01-14_15_01_10/1547474498481.hprof:../DroidMacroBench_snapshots/com.contextlogic.wish.apk/2019-01-14_15_01_10/1547476077340.hprof:../DroidMacroBench_snapshots/com.contextlogic.wish.apk/2019-01-14_15_01_10/1547476873091.hprof:../DroidMacroBench_snapshots/com.contextlogic.wish.apk/2019-01-14_15_01_10/1547476059972.hprof:../DroidMacroBench_snapshots/com.contextlogic.wish.apk/2019-01-14_15_01_10/1547476230138.hprof:../DroidMacroBench_snapshots/com.contextlogic.wish.apk/2019-01-14_15_01_10/1547477237227.hprof:../DroidMacroBench_snapshots/com.contextlogic.wish.apk/2019-01-14_15_01_10/1547476095362.hprof:../DroidMacroBench_snapshots/com.contextlogic.wish.apk/2019-01-14_15_01_10/1547475522725.hprof:../DroidMacroBench_snapshots/com.contextlogic.wish.apk/2019-01-14_15_01_10/1547475773379.hprof:../DroidMacroBench_snapshots/com.contextlogic.wish.apk/2019-01-14_15_01_10/1547475486436.hprof:../DroidMacroBench_snapshots/com.contextlogic.wish.apk/2019-01-14_15_01_10/1547477221996.hprof /data/wenfeng/Android/Sdk/platforms ../DroidMacroBench/repacked_apps/com.contextlogic.wish.apk"
	User time (seconds): 24.11
	System time (seconds): 1.24
	Percent of CPU this job got: 487%
	Elapsed (wall clock) time (h:mm:ss or m:ss): 0:05.19
	Average shared text size (kbytes): 0
	Average unshared data size (kbytes): 0
	Average stack size (kbytes): 0
	Average total size (kbytes): 0
	Maximum resident set size (kbytes): 809912
	Average resident set size (kbytes): 0
	Major (requiring I/O) page faults: 0
	Minor (reclaiming a frame) page faults: 245466
	Voluntary context switches: 17635
	Involuntary context switches: 344
	Swaps: 0
	File system inputs: 8
	File system outputs: 64
	Socket messages sent: 0
	Socket messages received: 0
	Signals delivered: 0
	Page size (bytes): 4096
	Exit status: 255
