18:18:21,909 |-INFO in ch.qos.logback.classic.LoggerContext[default] - Could NOT find resource [logback-test.xml]
18:18:21,909 |-INFO in ch.qos.logback.classic.LoggerContext[default] - Could NOT find resource [logback.groovy]
18:18:21,909 |-INFO in ch.qos.logback.classic.LoggerContext[default] - Found resource [logback.xml] at [jar:file:/data/wenfeng/heapster_artifact/ae/heapster-1.0-SNAPSHOT-jar-with-dependencies.jar!/logback.xml]
18:18:21,920 |-INFO in ch.qos.logback.core.joran.spi.ConfigurationWatchList@67117f44 - URL [jar:file:/data/wenfeng/heapster_artifact/ae/heapster-1.0-SNAPSHOT-jar-with-dependencies.jar!/logback.xml] is not of type file
18:18:21,954 |-INFO in ch.qos.logback.classic.joran.action.ConfigurationAction - debug attribute not set
18:18:21,954 |-INFO in ch.qos.logback.core.joran.action.AppenderAction - About to instantiate appender of type [ch.qos.logback.core.ConsoleAppender]
18:18:21,959 |-INFO in ch.qos.logback.core.joran.action.AppenderAction - Naming appender as [STDOUT]
18:18:21,995 |-WARN in ch.qos.logback.core.ConsoleAppender[STDOUT] - This appender no longer admits a layout as a sub-component, set an encoder instead.
18:18:21,995 |-WARN in ch.qos.logback.core.ConsoleAppender[STDOUT] - To ensure compatibility, wrapping your layout in LayoutWrappingEncoder.
18:18:21,996 |-WARN in ch.qos.logback.core.ConsoleAppender[STDOUT] - See also http://logback.qos.ch/codes.html#layoutInsteadOfEncoder for details
18:18:21,996 |-INFO in ch.qos.logback.core.joran.action.AppenderAction - About to instantiate appender of type [ch.qos.logback.classic.sift.SiftingAppender]
18:18:21,998 |-INFO in ch.qos.logback.core.joran.action.AppenderAction - Naming appender as [SIFT]
18:18:22,007 |-INFO in ch.qos.logback.core.joran.action.NestedComplexPropertyIA - Assuming default type [ch.qos.logback.classic.sift.MDCBasedDiscriminator] for [discriminator] property
18:18:22,011 |-INFO in ch.qos.logback.classic.joran.action.RootLoggerAction - Setting level of ROOT logger to INFO
18:18:22,011 |-INFO in ch.qos.logback.core.joran.action.AppenderRefAction - Attaching appender named [STDOUT] to Logger[ROOT]
18:18:22,011 |-INFO in ch.qos.logback.classic.joran.action.ConfigurationAction - End of configuration.
18:18:22,012 |-INFO in ch.qos.logback.classic.joran.JoranConfigurator@5d3411d - Registering current configuration as safe fallback point

2021-12-30 18:18:22 [main] INFO  d.u.t.heapdumps.analysis.Driver - Starting analysis with options - HeapDumps: true, StaticFallback: false, Iterative: false
2021-12-30 18:18:22 [main] INFO  s.j.i.taintWrappers.EasyTaintWrapper - Loaded wrapper entries for 90 classes and 12 exclusions.
2021-12-30 18:18:22 [main] INFO  s.j.i.android.SetupApplication - Initializing Soot...
2021-12-30 18:18:22 [main] INFO  s.j.i.android.SetupApplication - Loading dex files...
2021-12-30 18:18:27 [main] INFO  s.j.i.android.SetupApplication - ARSC file parsing took 0.712384939 seconds
2021-12-30 18:18:27 [main] INFO  s.j.i.a.e.AndroidEntryPointCreator - Creating Android entry point for 178 components...
2021-12-30 18:18:27 [main] INFO  s.j.i.android.SetupApplication - Constructing the callgraph...
2021-12-30 18:18:27 [main] INFO  s.j.s.heapdumpparser.PointToHeapDump - Reading heapDump from /data/wenfeng/heapster_artifact/ae/evaluation-scripts/../DroidMacroBench_snapshots/com.microsoft.skydrive.apk/2019-01-11_15_38_20/1547218602483.hprof
2021-12-30 18:18:27 [main] INFO  s.j.i.memory.MemoryWarningSystem - Shutting down the memory warning system...
2021-12-30 18:18:27 [main] ERROR d.u.t.heapdumps.analysis.Driver - An exception broke the analysis...
java.lang.NoClassDefFoundError: com/sun/tools/hat/internal/parser/Reader
	at soot.jimple.spark.heapdumpparser.PointToHeapDump.getSnapshotFromFile(PointToHeapDump.java:353)
	at soot.jimple.spark.heapdumpparser.PointToHeapDump.create(PointToHeapDump.java:264)
	at java.util.stream.ReferencePipeline$3$1.accept(ReferencePipeline.java:193)
	at java.util.stream.ReferencePipeline$2$1.accept(ReferencePipeline.java:175)
	at java.util.stream.ReferencePipeline$3$1.accept(ReferencePipeline.java:193)
	at java.util.Spliterators$ArraySpliterator.forEachRemaining(Spliterators.java:948)
	at java.util.stream.AbstractPipeline.copyInto(AbstractPipeline.java:482)
	at java.util.stream.AbstractPipeline.wrapAndCopyInto(AbstractPipeline.java:472)
	at java.util.stream.ReduceOps$ReduceOp.evaluateSequential(ReduceOps.java:708)
	at java.util.stream.AbstractPipeline.evaluate(AbstractPipeline.java:234)
	at java.util.stream.ReferencePipeline.reduce(ReferencePipeline.java:546)
	at soot.jimple.spark.heapdumpparser.PointToHeapDump.create(PointToHeapDump.java:202)
	at soot.jimple.spark.SparkTransformer.internalTransform(SparkTransformer.java:149)
	at soot.SceneTransformer.transform(SceneTransformer.java:36)
	at soot.Transform.apply(Transform.java:102)
	at soot.RadioScenePack.internalApply(RadioScenePack.java:68)
	at soot.jimple.toolkits.callgraph.CallGraphPack.internalApply(CallGraphPack.java:58)
	at soot.Pack.apply(Pack.java:117)
	at soot.jimple.infoflow.android.SetupApplication.constructCallgraphInternal(SetupApplication.java:586)
	at soot.jimple.infoflow.android.SetupApplication.calculateCallbackMethods(SetupApplication.java:699)
	at soot.jimple.infoflow.android.SetupApplication.calculateCallbacks(SetupApplication.java:498)
	at soot.jimple.infoflow.android.SetupApplication.calculateCallbacks(SetupApplication.java:466)
	at soot.jimple.infoflow.android.SetupApplication.processEntryPoint(SetupApplication.java:1454)
	at soot.jimple.infoflow.android.SetupApplication.runInfoflow(SetupApplication.java:1418)
	at de.upb.testify.heapdumps.analysis.Driver.runAnalysis(Driver.java:144)
	at de.upb.testify.heapdumps.analysis.Driver.main(Driver.java:75)
Caused by: java.lang.ClassNotFoundException: com.sun.tools.hat.internal.parser.Reader
	at java.net.URLClassLoader.findClass(URLClassLoader.java:387)
	at java.lang.ClassLoader.loadClass(ClassLoader.java:418)
	at sun.misc.Launcher$AppClassLoader.loadClass(Launcher.java:352)
	at java.lang.ClassLoader.loadClass(ClassLoader.java:351)
	... 26 common frames omitted
Command exited with non-zero status 255
	Command being timed: "java -d64 -Xmx80G -jar ../heapster-1.0-SNAPSHOT-jar-with-dependencies.jar -dis action_all -d ../DroidMacroBench_snapshots/com.microsoft.skydrive.apk/2019-01-11_15_38_20/1547218602483.hprof:../DroidMacroBench_snapshots/com.microsoft.skydrive.apk/2019-01-11_15_38_20/1547218253653.hprof:../DroidMacroBench_snapshots/com.microsoft.skydrive.apk/2019-01-11_15_38_20/1547218234529.hprof:../DroidMacroBench_snapshots/com.microsoft.skydrive.apk/2019-01-11_15_38_20/1547218608789.hprof:../DroidMacroBench_snapshots/com.microsoft.skydrive.apk/2019-01-11_15_38_20/1547218193256.hprof:../DroidMacroBench_snapshots/com.microsoft.skydrive.apk/2019-01-11_15_38_20/1547218139377.hprof:../DroidMacroBench_snapshots/com.microsoft.skydrive.apk/2019-01-11_15_38_20/1547217893718.hprof:../DroidMacroBench_snapshots/com.microsoft.skydrive.apk/2019-01-11_15_38_20/1547217926324.hprof:../DroidMacroBench_snapshots/com.microsoft.skydrive.apk/2019-01-11_15_38_20/1547218368229.hprof:../DroidMacroBench_snapshots/com.microsoft.skydrive.apk/2019-01-11_15_38_20/1547218295220.hprof:../DroidMacroBench_snapshots/com.microsoft.skydrive.apk/2019-01-11_15_38_20/1547217721206.hprof:../DroidMacroBench_snapshots/com.microsoft.skydrive.apk/2019-01-11_15_38_20/1547218330184.hprof:../DroidMacroBench_snapshots/com.microsoft.skydrive.apk/2019-01-11_15_38_20/1547217687716.hprof:../DroidMacroBench_snapshots/com.microsoft.skydrive.apk/2019-01-11_15_38_20/1547218513611.hprof:../DroidMacroBench_snapshots/com.microsoft.skydrive.apk/2019-01-11_15_38_20/1547218746378.hprof:../DroidMacroBench_snapshots/com.microsoft.skydrive.apk/2019-01-11_15_38_20/1547217736598.hprof:../DroidMacroBench_snapshots/com.microsoft.skydrive.apk/2019-01-11_15_38_20/1547217706079.hprof:../DroidMacroBench_snapshots/com.microsoft.skydrive.apk/2019-01-11_15_38_20/1547218170464.hprof:../DroidMacroBench_snapshots/com.microsoft.skydrive.apk/2019-01-11_15_38_20/1547218078595.hprof:../DroidMacroBench_snapshots/com.microsoft.skydrive.apk/2019-01-11_15_38_20/1547218053301.hprof:../DroidMacroBench_snapshots/com.microsoft.skydrive.apk/2019-01-11_15_38_20/1547217503736.hprof:../DroidMacroBench_snapshots/com.microsoft.skydrive.apk/2019-01-11_15_38_20/1547217754906.hprof:../DroidMacroBench_snapshots/com.microsoft.skydrive.apk/2019-01-11_15_38_20/1547217512921.hprof:../DroidMacroBench_snapshots/com.microsoft.skydrive.apk/2019-01-11_15_38_20/1547217533302.hprof:../DroidMacroBench_snapshots/com.microsoft.skydrive.apk/2019-01-11_15_38_20/1547217628939.hprof:../DroidMacroBench_snapshots/com.microsoft.skydrive.apk/2019-01-11_15_38_20/1547217648338.hprof:../DroidMacroBench_snapshots/com.microsoft.skydrive.apk/2019-01-11_15_38_20/1547217522144.hprof:../DroidMacroBench_snapshots/com.microsoft.skydrive.apk/2019-01-11_15_38_20/1547217787721.hprof:../DroidMacroBench_snapshots/com.microsoft.skydrive.apk/2019-01-11_15_38_20/1547218619455.hprof:../DroidMacroBench_snapshots/com.microsoft.skydrive.apk/2019-01-11_15_38_20/1547218485644.hprof:../DroidMacroBench_snapshots/com.microsoft.skydrive.apk/2019-01-11_15_38_20/1547217993108.hprof:../DroidMacroBench_snapshots/com.microsoft.skydrive.apk/2019-01-11_15_38_20/1547217558315.hprof:../DroidMacroBench_snapshots/com.microsoft.skydrive.apk/2019-01-11_15_38_20/1547217773964.hprof:../DroidMacroBench_snapshots/com.microsoft.skydrive.apk/2019-01-11_15_38_20/1547217959414.hprof:../DroidMacroBench_snapshots/com.microsoft.skydrive.apk/2019-01-11_15_38_20/1547218215844.hprof:../DroidMacroBench_snapshots/com.microsoft.skydrive.apk/2019-01-11_15_38_20/1547218592048.hprof:../DroidMacroBench_snapshots/com.microsoft.skydrive.apk/2019-01-11_15_38_20/1547218460228.hprof:../DroidMacroBench_snapshots/com.microsoft.skydrive.apk/2019-01-11_15_38_20/1547217611398.hprof:../DroidMacroBench_snapshots/com.microsoft.skydrive.apk/2019-01-11_15_38_20/1547218031763.hprof:../DroidMacroBench_snapshots/com.microsoft.skydrive.apk/2019-01-11_15_38_20/1547218407330.hprof:../DroidMacroBench_snapshots/com.microsoft.skydrive.apk/2019-01-11_15_38_20/1547217545079.hprof:../DroidMacroBench_snapshots/com.microsoft.skydrive.apk/2019-01-11_15_38_20/1547217594735.hprof:../DroidMacroBench_snapshots/com.microsoft.skydrive.apk/2019-01-11_15_38_20/1547218561285.hprof:../DroidMacroBench_snapshots/com.microsoft.skydrive.apk/2019-01-11_15_38_20/1547218273505.hprof:../DroidMacroBench_snapshots/com.microsoft.skydrive.apk/2019-01-11_15_38_20/1547218113321.hprof:../DroidMacroBench_snapshots/com.microsoft.skydrive.apk/2019-01-11_15_38_20/1547217577852.hprof:../DroidMacroBench_snapshots/com.microsoft.skydrive.apk/2019-01-11_15_38_20/1547217899788.hprof:../DroidMacroBench_snapshots/com.microsoft.skydrive.apk/2019-01-11_15_38_20/1547217670701.hprof:../DroidMacroBench_snapshots/com.microsoft.skydrive.apk/2019-01-11_15_38_20/1547218432203.hprof /data/wenfeng/Android/Sdk/platforms ../DroidMacroBench/repacked_apps/com.microsoft.skydrive.apk"
	User time (seconds): 25.91
	System time (seconds): 1.27
	Percent of CPU this job got: 451%
	Elapsed (wall clock) time (h:mm:ss or m:ss): 0:06.02
	Average shared text size (kbytes): 0
	Average unshared data size (kbytes): 0
	Average stack size (kbytes): 0
	Average total size (kbytes): 0
	Maximum resident set size (kbytes): 976084
	Average resident set size (kbytes): 0
	Major (requiring I/O) page faults: 0
	Minor (reclaiming a frame) page faults: 288692
	Voluntary context switches: 19764
	Involuntary context switches: 469
	Swaps: 0
	File system inputs: 0
	File system outputs: 64
	Socket messages sent: 0
	Socket messages received: 0
	Signals delivered: 0
	Page size (bytes): 4096
	Exit status: 255
