18:18:27,938 |-INFO in ch.qos.logback.classic.LoggerContext[default] - Could NOT find resource [logback-test.xml]
18:18:27,938 |-INFO in ch.qos.logback.classic.LoggerContext[default] - Could NOT find resource [logback.groovy]
18:18:27,938 |-INFO in ch.qos.logback.classic.LoggerContext[default] - Found resource [logback.xml] at [jar:file:/data/wenfeng/heapster_artifact/ae/heapster-1.0-SNAPSHOT-jar-with-dependencies.jar!/logback.xml]
18:18:27,949 |-INFO in ch.qos.logback.core.joran.spi.ConfigurationWatchList@67117f44 - URL [jar:file:/data/wenfeng/heapster_artifact/ae/heapster-1.0-SNAPSHOT-jar-with-dependencies.jar!/logback.xml] is not of type file
18:18:27,984 |-INFO in ch.qos.logback.classic.joran.action.ConfigurationAction - debug attribute not set
18:18:27,984 |-INFO in ch.qos.logback.core.joran.action.AppenderAction - About to instantiate appender of type [ch.qos.logback.core.ConsoleAppender]
18:18:27,989 |-INFO in ch.qos.logback.core.joran.action.AppenderAction - Naming appender as [STDOUT]
18:18:28,027 |-WARN in ch.qos.logback.core.ConsoleAppender[STDOUT] - This appender no longer admits a layout as a sub-component, set an encoder instead.
18:18:28,027 |-WARN in ch.qos.logback.core.ConsoleAppender[STDOUT] - To ensure compatibility, wrapping your layout in LayoutWrappingEncoder.
18:18:28,027 |-WARN in ch.qos.logback.core.ConsoleAppender[STDOUT] - See also http://logback.qos.ch/codes.html#layoutInsteadOfEncoder for details
18:18:28,027 |-INFO in ch.qos.logback.core.joran.action.AppenderAction - About to instantiate appender of type [ch.qos.logback.classic.sift.SiftingAppender]
18:18:28,029 |-INFO in ch.qos.logback.core.joran.action.AppenderAction - Naming appender as [SIFT]
18:18:28,038 |-INFO in ch.qos.logback.core.joran.action.NestedComplexPropertyIA - Assuming default type [ch.qos.logback.classic.sift.MDCBasedDiscriminator] for [discriminator] property
18:18:28,042 |-INFO in ch.qos.logback.classic.joran.action.RootLoggerAction - Setting level of ROOT logger to INFO
18:18:28,042 |-INFO in ch.qos.logback.core.joran.action.AppenderRefAction - Attaching appender named [STDOUT] to Logger[ROOT]
18:18:28,042 |-INFO in ch.qos.logback.classic.joran.action.ConfigurationAction - End of configuration.
18:18:28,043 |-INFO in ch.qos.logback.classic.joran.JoranConfigurator@5d3411d - Registering current configuration as safe fallback point

2021-12-30 18:18:28 [main] INFO  d.u.t.heapdumps.analysis.Driver - Starting analysis with options - HeapDumps: false, StaticFallback: false, Iterative: false
2021-12-30 18:18:28 [main] INFO  s.j.i.taintWrappers.EasyTaintWrapper - Loaded wrapper entries for 90 classes and 12 exclusions.
2021-12-30 18:18:28 [main] INFO  s.j.i.android.SetupApplication - Initializing Soot...
2021-12-30 18:18:28 [main] INFO  s.j.i.android.SetupApplication - Loading dex files...
2021-12-30 18:18:33 [main] INFO  s.j.i.android.SetupApplication - ARSC file parsing took 0.249548989 seconds
2021-12-30 18:18:33 [main] INFO  s.j.i.a.e.AndroidEntryPointCreator - Creating Android entry point for 104 components...
2021-12-30 18:18:33 [main] INFO  s.j.i.android.SetupApplication - Constructing the callgraph...
2021-12-30 18:19:06 [main] INFO  s.j.i.a.c.DefaultCallbackAnalyzer - Collecting callbacks in DEFAULT mode...
2021-12-30 18:19:07 [main] INFO  s.j.i.a.c.DefaultCallbackAnalyzer - Callback analysis done.
2021-12-30 18:19:08 [main] INFO  s.j.i.a.e.AndroidEntryPointCreator - Creating Android entry point for 111 components...
2021-12-30 18:19:08 [main] WARN  s.j.i.a.e.c.ActivityEntryPointCreator - Cannot create valid constructor for com.swof.u4_ui.home.ui.view.a.l, because it is an interface and cannot substitute with subclass
2021-12-30 18:19:08 [main] WARN  s.j.i.a.e.c.ActivityEntryPointCreator - Cannot create valid constructor for com.swof.u4_ui.home.ui.view.a.l, because it is an interface and cannot substitute with subclass
2021-12-30 18:19:08 [main] WARN  s.j.i.a.e.c.ActivityEntryPointCreator - Cannot create valid constructor for com.swof.u4_ui.home.ui.view.a.l, because it is an interface and cannot substitute with subclass
2021-12-30 18:19:08 [main] WARN  s.j.i.a.e.c.ServiceEntryPointCreator - Cannot create valid constructor for com.uc.processmodel.p, because it is abstract and cannot substitute with subclass
2021-12-30 18:19:08 [main] WARN  s.j.i.a.e.c.ActivityEntryPointCreator - Cannot create valid constructor for com.uc.framework.ui.widget.titlebar.g, because it is abstract and cannot substitute with subclass
2021-12-30 18:19:08 [main] WARN  s.j.i.a.e.c.ServiceEntryPointCreator - Cannot create valid constructor for com.uc.processmodel.p, because it is abstract and cannot substitute with subclass
2021-12-30 18:19:08 [main] WARN  s.j.i.a.e.c.BroadcastReceiverEntryPointCreator - Cannot create valid constructor for com.swof.connect.j, because it is an interface and cannot substitute with subclass
2021-12-30 18:19:08 [main] WARN  s.j.i.a.e.c.ActivityEntryPointCreator - Cannot create valid constructor for com.uc.browser.business.defaultbrowser.ab, because it is abstract and cannot substitute with subclass
2021-12-30 18:19:08 [main] WARN  s.j.i.a.e.c.ActivityEntryPointCreator - Cannot create valid constructor for com.swof.u4_ui.home.ui.view.a.l, because it is an interface and cannot substitute with subclass
2021-12-30 18:19:08 [main] WARN  s.j.i.a.e.c.ServiceEntryPointCreator - Cannot create valid constructor for com.uc.processmodel.p, because it is abstract and cannot substitute with subclass
2021-12-30 18:19:08 [main] INFO  s.j.i.android.SetupApplication - Constructing the callgraph...
2021-12-30 18:19:33 [main] INFO  s.j.i.a.c.DefaultCallbackAnalyzer - Running incremental callback analysis for 93 components...
2021-12-30 18:19:34 [main] INFO  s.j.i.a.c.DefaultCallbackAnalyzer - Incremental callback analysis done.
2021-12-30 18:19:34 [main] INFO  s.j.i.a.e.AndroidEntryPointCreator - Creating Android entry point for 111 components...
2021-12-30 18:19:34 [main] WARN  s.j.i.a.e.c.ActivityEntryPointCreator - Cannot create valid constructor for com.swof.u4_ui.home.ui.view.a.l, because it is an interface and cannot substitute with subclass
2021-12-30 18:19:34 [main] WARN  s.j.i.a.e.c.ActivityEntryPointCreator - Cannot create valid constructor for com.swof.u4_ui.home.ui.view.a.l, because it is an interface and cannot substitute with subclass
2021-12-30 18:19:34 [main] WARN  s.j.i.a.e.c.ActivityEntryPointCreator - Cannot create valid constructor for com.swof.u4_ui.home.ui.view.a.l, because it is an interface and cannot substitute with subclass
2021-12-30 18:19:34 [main] WARN  s.j.i.a.e.c.ServiceEntryPointCreator - Cannot create valid constructor for com.uc.processmodel.p, because it is abstract and cannot substitute with subclass
2021-12-30 18:19:34 [main] WARN  s.j.i.a.e.c.ActivityEntryPointCreator - Cannot create valid constructor for com.swof.u4_ui.home.ui.view.a.l, because it is an interface and cannot substitute with subclass
2021-12-30 18:19:34 [main] WARN  s.j.i.a.e.c.ActivityEntryPointCreator - Cannot create valid constructor for com.uc.framework.ui.widget.titlebar.g, because it is abstract and cannot substitute with subclass
2021-12-30 18:19:34 [main] WARN  s.j.i.a.e.c.ServiceEntryPointCreator - Cannot create valid constructor for com.uc.processmodel.p, because it is abstract and cannot substitute with subclass
2021-12-30 18:19:34 [main] WARN  s.j.i.a.e.c.BroadcastReceiverEntryPointCreator - Cannot create valid constructor for com.swof.connect.j, because it is an interface and cannot substitute with subclass
2021-12-30 18:19:34 [main] WARN  s.j.i.a.e.c.ActivityEntryPointCreator - Cannot create valid constructor for com.uc.browser.business.defaultbrowser.ab, because it is abstract and cannot substitute with subclass
2021-12-30 18:19:34 [main] WARN  s.j.i.a.e.c.ActivityEntryPointCreator - Cannot create valid constructor for com.swof.u4_ui.home.ui.view.a.l, because it is an interface and cannot substitute with subclass
2021-12-30 18:19:34 [main] WARN  s.j.i.a.e.c.ActivityEntryPointCreator - Cannot create valid constructor for com.swof.u4_ui.home.ui.view.a.l, because it is an interface and cannot substitute with subclass
2021-12-30 18:19:34 [main] WARN  s.j.i.a.e.c.ServiceEntryPointCreator - Cannot create valid constructor for com.uc.processmodel.p, because it is abstract and cannot substitute with subclass
2021-12-30 18:19:34 [main] WARN  s.j.i.a.e.c.ActivityEntryPointCreator - Cannot create valid constructor for com.uc.framework.ui.widget.b.k, because it is abstract and cannot substitute with subclass
2021-12-30 18:19:34 [main] WARN  s.j.i.a.e.c.ActivityEntryPointCreator - Cannot create valid constructor for com.swof.u4_ui.home.ui.view.a.l, because it is an interface and cannot substitute with subclass
2021-12-30 18:19:34 [main] INFO  s.j.i.android.SetupApplication - Constructing the callgraph...
2021-12-30 18:20:01 [main] INFO  s.j.i.a.c.DefaultCallbackAnalyzer - Running incremental callback analysis for 11 components...
2021-12-30 18:20:01 [main] INFO  s.j.i.a.c.DefaultCallbackAnalyzer - Incremental callback analysis done.
2021-12-30 18:20:01 [main] INFO  s.j.i.a.e.AndroidEntryPointCreator - Creating Android entry point for 111 components...
2021-12-30 18:20:01 [main] WARN  s.j.i.a.e.c.ActivityEntryPointCreator - Cannot create valid constructor for com.swof.u4_ui.home.ui.view.a.l, because it is an interface and cannot substitute with subclass
2021-12-30 18:20:01 [main] WARN  s.j.i.a.e.c.ActivityEntryPointCreator - Cannot create valid constructor for com.swof.u4_ui.home.ui.view.a.l, because it is an interface and cannot substitute with subclass
2021-12-30 18:20:01 [main] WARN  s.j.i.a.e.c.ActivityEntryPointCreator - Cannot create valid constructor for com.swof.u4_ui.home.ui.view.a.l, because it is an interface and cannot substitute with subclass
2021-12-30 18:20:01 [main] WARN  s.j.i.a.e.c.ServiceEntryPointCreator - Cannot create valid constructor for com.uc.processmodel.p, because it is abstract and cannot substitute with subclass
2021-12-30 18:20:01 [main] WARN  s.j.i.a.e.c.ActivityEntryPointCreator - Cannot create valid constructor for com.swof.u4_ui.home.ui.view.a.l, because it is an interface and cannot substitute with subclass
2021-12-30 18:20:01 [main] WARN  s.j.i.a.e.c.ActivityEntryPointCreator - Cannot create valid constructor for com.uc.framework.ui.widget.titlebar.g, because it is abstract and cannot substitute with subclass
2021-12-30 18:20:01 [main] WARN  s.j.i.a.e.c.ServiceEntryPointCreator - Cannot create valid constructor for com.uc.processmodel.p, because it is abstract and cannot substitute with subclass
2021-12-30 18:20:01 [main] WARN  s.j.i.a.e.c.BroadcastReceiverEntryPointCreator - Cannot create valid constructor for com.swof.connect.j, because it is an interface and cannot substitute with subclass
2021-12-30 18:20:01 [main] WARN  s.j.i.a.e.c.ActivityEntryPointCreator - Cannot create valid constructor for com.uc.browser.business.defaultbrowser.ab, because it is abstract and cannot substitute with subclass
2021-12-30 18:20:01 [main] WARN  s.j.i.a.e.c.ActivityEntryPointCreator - Cannot create valid constructor for com.swof.u4_ui.home.ui.view.a.l, because it is an interface and cannot substitute with subclass
2021-12-30 18:20:01 [main] WARN  s.j.i.a.e.c.ActivityEntryPointCreator - Cannot create valid constructor for com.swof.u4_ui.home.ui.view.a.l, because it is an interface and cannot substitute with subclass
2021-12-30 18:20:01 [main] WARN  s.j.i.a.e.c.ServiceEntryPointCreator - Cannot create valid constructor for com.uc.processmodel.p, because it is abstract and cannot substitute with subclass
2021-12-30 18:20:01 [main] WARN  s.j.i.a.e.c.ActivityEntryPointCreator - Cannot create valid constructor for com.uc.framework.ui.widget.b.k, because it is abstract and cannot substitute with subclass
2021-12-30 18:20:01 [main] WARN  s.j.i.a.e.c.ActivityEntryPointCreator - Cannot create valid constructor for com.swof.u4_ui.home.ui.view.a.l, because it is an interface and cannot substitute with subclass
2021-12-30 18:20:01 [main] INFO  s.j.i.android.SetupApplication - Constructing the callgraph...
2021-12-30 18:20:25 [main] INFO  s.j.i.a.c.DefaultCallbackAnalyzer - Running incremental callback analysis for 1 components...
2021-12-30 18:20:25 [main] INFO  s.j.i.a.c.DefaultCallbackAnalyzer - Incremental callback analysis done.
2021-12-30 18:20:25 [main] INFO  s.j.i.memory.MemoryWarningSystem - Shutting down the memory warning system...
2021-12-30 18:20:25 [main] INFO  s.j.i.android.SetupApplication - Callback analysis terminated normally
2021-12-30 18:20:25 [main] INFO  s.j.i.android.SetupApplication - Entry point calculation done.
2021-12-30 18:20:25 [main] INFO  s.j.i.a.s.AccessPathBasedSourceSinkManager - Created a SourceSinkManager with 39 sources, 126 sinks, and 354 callback methods.
2021-12-30 18:20:25 [main] INFO  s.j.i.android.SetupApplication - Collecting callbacks and building a callgraph took 112 seconds
2021-12-30 18:20:25 [main] INFO  s.j.i.android.SetupApplication - Running data flow analysis on ../DroidMacroBench/repacked_apps/com.uc.browser.en.apk with 39 sources and 126 sinks...
2021-12-30 18:20:25 [main] INFO  s.j.infoflow.InfoflowConfiguration - Implicit flow tracking is NOT enabled
2021-12-30 18:20:25 [main] INFO  s.j.infoflow.InfoflowConfiguration - Exceptional flow tracking is enabled
2021-12-30 18:20:25 [main] INFO  s.j.infoflow.InfoflowConfiguration - Running with a maximum access path length of 5
2021-12-30 18:20:25 [main] INFO  s.j.infoflow.InfoflowConfiguration - Using path-agnostic result collection
2021-12-30 18:20:25 [main] INFO  s.j.infoflow.InfoflowConfiguration - Recursive access path shortening is enabled
2021-12-30 18:20:25 [main] INFO  s.j.infoflow.InfoflowConfiguration - Taint analysis enabled: true
2021-12-30 18:20:25 [main] INFO  s.j.infoflow.InfoflowConfiguration - Using alias algorithm FlowSensitive
2021-12-30 18:20:25 [main] INFO  s.j.i.a.SetupApplication$InPlaceInfoflow - Callgraph construction took 0 seconds
2021-12-30 18:20:26 [main] INFO  s.j.i.c.InterproceduralConstantValuePropagator - Removing side-effect free methods is disabled
2021-12-30 18:20:27 [main] INFO  s.j.i.a.SetupApplication$InPlaceInfoflow - Dead code elimination took 2.079675033 seconds
2021-12-30 18:20:27 [main] INFO  s.j.i.a.SetupApplication$InPlaceInfoflow - Callgraph has 51026 edges
2021-12-30 18:20:27 [main] INFO  s.j.i.a.SetupApplication$InPlaceInfoflow - Starting Taint Analysis
2021-12-30 18:20:27 [main] INFO  s.j.i.a.SetupApplication$InPlaceInfoflow - Using context- and flow-sensitive solver
2021-12-30 18:20:27 [main] WARN  s.j.i.a.SetupApplication$InPlaceInfoflow - Running with limited join point abstractions can break context-sensitive path builders
2021-12-30 18:20:27 [main] INFO  s.j.i.a.SetupApplication$InPlaceInfoflow - Looking for sources and sinks...
2021-12-30 18:20:28 [main] INFO  s.j.i.a.SetupApplication$InPlaceInfoflow - Source lookup done, found 59 sources and 483 sinks.
2021-12-30 18:26:54 [main] INFO  s.j.i.a.SetupApplication$InPlaceInfoflow - Taint wrapper hits: 97241
2021-12-30 18:26:54 [main] INFO  s.j.i.a.SetupApplication$InPlaceInfoflow - Taint wrapper misses: 1247297
2021-12-30 18:26:54 [main] INFO  s.j.i.a.SetupApplication$InPlaceInfoflow - IFDS problem with 3226650 forward and 2377142 backward edges solved, processing 19 results...
2021-12-30 18:26:54 [main] INFO  s.j.i.a.SetupApplication$InPlaceInfoflow - Current memory consumption: 4368 MB
2021-12-30 18:26:57 [main] INFO  s.j.i.a.SetupApplication$InPlaceInfoflow - Mem consumption after gc: 2153 MB
2021-12-30 18:26:57 [main] INFO  s.j.i.a.SetupApplication$InPlaceInfoflow - Memory consumption after cleanup: 852 MB
2021-12-30 18:26:57 [main] INFO  s.j.i.d.p.BatchPathBuilder - Running path reconstruction batch 1 with 5 elements
2021-12-30 18:26:57 [main] INFO  s.j.i.d.p.ContextInsensitivePathBuilder - Obtainted 5 connections between sources and sinks
2021-12-30 18:26:57 [main] INFO  s.j.i.d.p.ContextInsensitivePathBuilder - Building path 1...
2021-12-30 18:26:57 [main] INFO  s.j.i.d.p.ContextInsensitivePathBuilder - Building path 2...
2021-12-30 18:26:57 [main] INFO  s.j.i.d.p.ContextInsensitivePathBuilder - Building path 3...
2021-12-30 18:26:57 [main] INFO  s.j.i.d.p.ContextInsensitivePathBuilder - Building path 4...
2021-12-30 18:26:57 [main] INFO  s.j.i.d.p.ContextInsensitivePathBuilder - Building path 5...
2021-12-30 18:26:57 [main] INFO  s.j.i.d.p.BatchPathBuilder - Running path reconstruction batch 2 with 5 elements
2021-12-30 18:26:57 [main] INFO  s.j.i.d.p.ContextInsensitivePathBuilder - Obtainted 5 connections between sources and sinks
2021-12-30 18:26:57 [main] INFO  s.j.i.d.p.ContextInsensitivePathBuilder - Building path 1...
2021-12-30 18:26:57 [main] INFO  s.j.i.d.p.ContextInsensitivePathBuilder - Building path 2...
2021-12-30 18:26:57 [main] INFO  s.j.i.d.p.ContextInsensitivePathBuilder - Building path 3...
2021-12-30 18:26:57 [main] INFO  s.j.i.d.p.ContextInsensitivePathBuilder - Building path 4...
2021-12-30 18:26:57 [main] INFO  s.j.i.d.p.ContextInsensitivePathBuilder - Building path 5...
2021-12-30 18:26:57 [main] INFO  s.j.i.d.p.BatchPathBuilder - Running path reconstruction batch 3 with 5 elements
2021-12-30 18:26:57 [main] INFO  s.j.i.d.p.ContextInsensitivePathBuilder - Obtainted 5 connections between sources and sinks
2021-12-30 18:26:57 [main] INFO  s.j.i.d.p.ContextInsensitivePathBuilder - Building path 1...
2021-12-30 18:26:57 [main] INFO  s.j.i.d.p.ContextInsensitivePathBuilder - Building path 2...
2021-12-30 18:26:57 [main] INFO  s.j.i.d.p.ContextInsensitivePathBuilder - Building path 3...
2021-12-30 18:26:57 [main] INFO  s.j.i.d.p.ContextInsensitivePathBuilder - Building path 4...
2021-12-30 18:26:57 [main] INFO  s.j.i.d.p.ContextInsensitivePathBuilder - Building path 5...
2021-12-30 18:27:25 [main] INFO  s.j.i.d.p.BatchPathBuilder - Running path reconstruction batch 4 with 4 elements
2021-12-30 18:27:25 [main] INFO  s.j.i.d.p.ContextInsensitivePathBuilder - Obtainted 4 connections between sources and sinks
2021-12-30 18:27:25 [main] INFO  s.j.i.d.p.ContextInsensitivePathBuilder - Building path 1...
2021-12-30 18:27:25 [main] INFO  s.j.i.d.p.ContextInsensitivePathBuilder - Building path 2...
2021-12-30 18:27:25 [main] INFO  s.j.i.d.p.ContextInsensitivePathBuilder - Building path 3...
2021-12-30 18:27:25 [main] INFO  s.j.i.d.p.ContextInsensitivePathBuilder - Building path 4...
2021-12-30 18:27:25 [main] INFO  s.j.i.memory.MemoryWarningSystem - Shutting down the memory warning system...
2021-12-30 18:27:25 [main] INFO  s.j.i.a.SetupApplication$InPlaceInfoflow - Memory consumption after path building: 1165 MB
2021-12-30 18:27:25 [main] INFO  s.j.i.a.SetupApplication$InPlaceInfoflow - Path reconstruction took 28 seconds
2021-12-30 18:27:25 [main] INFO  s.j.i.a.SetupApplication$InPlaceInfoflow - The sink virtualinvoke $r18.<java.io.FileOutputStream: void write(byte[],int,int)>($r05, 0, $i03) in method <com.swof.d.b.b.a.b: boolean ax(java.lang.String)> was called with values from the following sources:
2021-12-30 18:27:25 [main] INFO  s.j.i.a.SetupApplication$InPlaceInfoflow - - $r19 = virtualinvoke $r42.<java.net.HttpURLConnection: java.io.InputStream getInputStream()>() in method <com.swof.d.b.b.a.b: boolean ax(java.lang.String)>
2021-12-30 18:27:25 [main] INFO  s.j.i.a.SetupApplication$InPlaceInfoflow - 	on Path: 
2021-12-30 18:27:25 [main] INFO  s.j.i.a.SetupApplication$InPlaceInfoflow - 	 -> <com.swof.d.b.b.a.b: boolean ax(java.lang.String)>
2021-12-30 18:27:25 [main] INFO  s.j.i.a.SetupApplication$InPlaceInfoflow - 		 -> $r19 = virtualinvoke $r42.<java.net.HttpURLConnection: java.io.InputStream getInputStream()>()
2021-12-30 18:27:25 [main] INFO  s.j.i.a.SetupApplication$InPlaceInfoflow - 	 -> <com.swof.d.b.b.a.b: boolean ax(java.lang.String)>
2021-12-30 18:27:25 [main] INFO  s.j.i.a.SetupApplication$InPlaceInfoflow - 		 -> $r20 = $r19
2021-12-30 18:27:25 [main] INFO  s.j.i.a.SetupApplication$InPlaceInfoflow - 	 -> <com.swof.d.b.b.a.b: boolean ax(java.lang.String)>
2021-12-30 18:27:25 [main] INFO  s.j.i.a.SetupApplication$InPlaceInfoflow - 		 -> $i03 = virtualinvoke $r20.<java.io.InputStream: int read(byte[])>($r05)
2021-12-30 18:27:25 [main] INFO  s.j.i.a.SetupApplication$InPlaceInfoflow - 	 -> <com.swof.d.b.b.a.b: boolean ax(java.lang.String)>
2021-12-30 18:27:25 [main] INFO  s.j.i.a.SetupApplication$InPlaceInfoflow - 		 -> virtualinvoke $r18.<java.io.FileOutputStream: void write(byte[],int,int)>($r05, 0, $i03)
2021-12-30 18:27:25 [main] INFO  s.j.i.a.SetupApplication$InPlaceInfoflow - The sink virtualinvoke $r08.<java.io.ByteArrayOutputStream: void write(byte[],int,int)>($r03, 0, 4) in method <com.c.a.c.c: byte[] Fv()> was called with values from the following sources:
2021-12-30 18:27:25 [main] INFO  s.j.i.a.SetupApplication$InPlaceInfoflow - - $r5 = virtualinvoke $r1.<android.telephony.TelephonyManager: java.lang.String getDeviceId()>() in method <com.c.a.b.a.b: java.lang.String bH(android.content.Context)>
2021-12-30 18:27:25 [main] INFO  s.j.i.a.SetupApplication$InPlaceInfoflow - 	on Path: 
2021-12-30 18:27:25 [main] INFO  s.j.i.a.SetupApplication$InPlaceInfoflow - 	 -> <com.c.a.b.a.b: java.lang.String bH(android.content.Context)>
2021-12-30 18:27:25 [main] INFO  s.j.i.a.SetupApplication$InPlaceInfoflow - 		 -> $r5 = virtualinvoke $r1.<android.telephony.TelephonyManager: java.lang.String getDeviceId()>()
2021-12-30 18:27:25 [main] INFO  s.j.i.a.SetupApplication$InPlaceInfoflow - 	 -> <com.c.a.b.a.b: java.lang.String bH(android.content.Context)>
2021-12-30 18:27:25 [main] INFO  s.j.i.a.SetupApplication$InPlaceInfoflow - 		 -> $r4 = $r5
2021-12-30 18:27:25 [main] INFO  s.j.i.a.SetupApplication$InPlaceInfoflow - 	 -> <com.c.a.b.a.b: java.lang.String bH(android.content.Context)>
2021-12-30 18:27:25 [main] INFO  s.j.i.a.SetupApplication$InPlaceInfoflow - 		 -> return $r4
2021-12-30 18:27:25 [main] INFO  s.j.i.a.SetupApplication$InPlaceInfoflow - 	 -> <com.c.a.c.c: byte[] Fv()>
2021-12-30 18:27:25 [main] INFO  s.j.i.a.SetupApplication$InPlaceInfoflow - 		 -> $r11 = $r10
2021-12-30 18:27:25 [main] INFO  s.j.i.a.SetupApplication$InPlaceInfoflow - 	 -> <com.c.a.c.c: byte[] Fv()>
2021-12-30 18:27:25 [main] INFO  s.j.i.a.SetupApplication$InPlaceInfoflow - 		 -> $i03 = staticinvoke <com.c.a.b.a.a: int hz(java.lang.String)>($r11)
2021-12-30 18:27:25 [main] INFO  s.j.i.a.SetupApplication$InPlaceInfoflow - 	 -> <com.c.a.b.a.a: int hz(java.lang.String)>
2021-12-30 18:27:25 [main] INFO  s.j.i.a.SetupApplication$InPlaceInfoflow - 		 -> $r0 = virtualinvoke $r1.<java.lang.String: char[] toCharArray()>()
2021-12-30 18:27:25 [main] INFO  s.j.i.a.SetupApplication$InPlaceInfoflow - 	 -> <com.c.a.b.a.a: int hz(java.lang.String)>
2021-12-30 18:27:25 [main] INFO  s.j.i.a.SetupApplication$InPlaceInfoflow - 		 -> $c0 = $r0[$i2]
2021-12-30 18:27:25 [main] INFO  s.j.i.a.SetupApplication$InPlaceInfoflow - 	 -> <com.c.a.b.a.a: int hz(java.lang.String)>
2021-12-30 18:27:25 [main] INFO  s.j.i.a.SetupApplication$InPlaceInfoflow - 		 -> $i3 = $i5 + $c0
2021-12-30 18:27:25 [main] INFO  s.j.i.a.SetupApplication$InPlaceInfoflow - 	 -> <com.c.a.b.a.a: int hz(java.lang.String)>
2021-12-30 18:27:25 [main] INFO  s.j.i.a.SetupApplication$InPlaceInfoflow - 		 -> return $i3
2021-12-30 18:27:25 [main] INFO  s.j.i.a.SetupApplication$InPlaceInfoflow - 	 -> <com.c.a.c.c: byte[] Fv()>
2021-12-30 18:27:25 [main] INFO  s.j.i.a.SetupApplication$InPlaceInfoflow - 		 -> $r03 = staticinvoke <com.c.a.b.a.g: byte[] getBytes(int)>($i03)
2021-12-30 18:27:25 [main] INFO  s.j.i.a.SetupApplication$InPlaceInfoflow - 	 -> <com.c.a.b.a.g: byte[] getBytes(int)>
2021-12-30 18:27:25 [main] INFO  s.j.i.a.SetupApplication$InPlaceInfoflow - 		 -> $i06 = $i04 >> 8
2021-12-30 18:27:25 [main] INFO  s.j.i.a.SetupApplication$InPlaceInfoflow - 	 -> <com.c.a.b.a.g: byte[] getBytes(int)>
2021-12-30 18:27:25 [main] INFO  s.j.i.a.SetupApplication$InPlaceInfoflow - 		 -> $i07 = $i06 % 256
2021-12-30 18:27:25 [main] INFO  s.j.i.a.SetupApplication$InPlaceInfoflow - 	 -> <com.c.a.b.a.g: byte[] getBytes(int)>
2021-12-30 18:27:25 [main] INFO  s.j.i.a.SetupApplication$InPlaceInfoflow - 		 -> $b01 = (byte) $i07
2021-12-30 18:27:25 [main] INFO  s.j.i.a.SetupApplication$InPlaceInfoflow - 	 -> <com.c.a.b.a.g: byte[] getBytes(int)>
2021-12-30 18:27:25 [main] INFO  s.j.i.a.SetupApplication$InPlaceInfoflow - 		 -> $r00[2] = $b01
2021-12-30 18:27:25 [main] INFO  s.j.i.a.SetupApplication$InPlaceInfoflow - 	 -> <com.c.a.b.a.g: byte[] getBytes(int)>
2021-12-30 18:27:25 [main] INFO  s.j.i.a.SetupApplication$InPlaceInfoflow - 		 -> return $r00
2021-12-30 18:27:25 [main] INFO  s.j.i.a.SetupApplication$InPlaceInfoflow - 	 -> <com.c.a.c.c: byte[] Fv()>
2021-12-30 18:27:25 [main] INFO  s.j.i.a.SetupApplication$InPlaceInfoflow - 		 -> virtualinvoke $r08.<java.io.ByteArrayOutputStream: void write(byte[],int,int)>($r03, 0, 4)
2021-12-30 18:27:25 [main] INFO  s.j.i.a.SetupApplication$InPlaceInfoflow - The sink virtualinvoke $r00.<android.content.ContentResolver: android.net.Uri insert(android.net.Uri,android.content.ContentValues)>($r08, $r03) in method <com.swof.utils.a: boolean a(android.content.Context,java.io.File,int,int)> was called with values from the following sources:
2021-12-30 18:27:25 [main] INFO  s.j.i.a.SetupApplication$InPlaceInfoflow - - $r04 = interfaceinvoke $r00.<android.database.Cursor: java.lang.String getString(int)>($i05) in method <com.swof.b.q: com.swof.bean.RecordShowBean a(android.database.Cursor,boolean)>
2021-12-30 18:27:25 [main] INFO  s.j.i.a.SetupApplication$InPlaceInfoflow - 	on Path: 
2021-12-30 18:27:25 [main] INFO  s.j.i.a.SetupApplication$InPlaceInfoflow - 	 -> <com.swof.b.q: com.swof.bean.RecordShowBean a(android.database.Cursor,boolean)>
2021-12-30 18:27:25 [main] INFO  s.j.i.a.SetupApplication$InPlaceInfoflow - 		 -> $r04 = interfaceinvoke $r00.<android.database.Cursor: java.lang.String getString(int)>($i05)
2021-12-30 18:27:25 [main] INFO  s.j.i.a.SetupApplication$InPlaceInfoflow - 	 -> <com.swof.b.q: com.swof.bean.RecordShowBean a(android.database.Cursor,boolean)>
2021-12-30 18:27:25 [main] INFO  s.j.i.a.SetupApplication$InPlaceInfoflow - 		 -> $r01.<com.swof.bean.RecordShowBean: java.lang.String filePath> = $r04
2021-12-30 18:27:25 [main] INFO  s.j.i.a.SetupApplication$InPlaceInfoflow - 	 -> <com.swof.b.q: com.swof.bean.RecordShowBean a(android.database.Cursor,boolean)>
2021-12-30 18:27:25 [main] INFO  s.j.i.a.SetupApplication$InPlaceInfoflow - 		 -> return $r01
2021-12-30 18:27:25 [main] INFO  s.j.i.a.SetupApplication$InPlaceInfoflow - 	 -> <com.swof.b.q: com.swof.bean.RecordBean F(int)>
2021-12-30 18:27:25 [main] INFO  s.j.i.a.SetupApplication$InPlaceInfoflow - 		 -> return $r05
2021-12-30 18:27:25 [main] INFO  s.j.i.a.SetupApplication$InPlaceInfoflow - 	 -> <com.swof.transport.m: com.swof.bean.d c(java.io.OutputStream,com.swof.transport.i)>
2021-12-30 18:27:25 [main] INFO  s.j.i.a.SetupApplication$InPlaceInfoflow - 		 -> $r004 = $r003
2021-12-30 18:27:25 [main] INFO  s.j.i.a.SetupApplication$InPlaceInfoflow - 	 -> <com.swof.transport.m: com.swof.bean.d c(java.io.OutputStream,com.swof.transport.i)>
2021-12-30 18:27:25 [main] INFO  s.j.i.a.SetupApplication$InPlaceInfoflow - 		 -> $r033 = $r004.<com.swof.bean.RecordBean: java.lang.String filePath>
2021-12-30 18:27:25 [main] INFO  s.j.i.a.SetupApplication$InPlaceInfoflow - 	 -> <com.swof.transport.m: com.swof.bean.d c(java.io.OutputStream,com.swof.transport.i)>
2021-12-30 18:27:25 [main] INFO  s.j.i.a.SetupApplication$InPlaceInfoflow - 		 -> $r011.<com.swof.bean.h: java.lang.String filePath> = $r033
2021-12-30 18:27:25 [main] INFO  s.j.i.a.SetupApplication$InPlaceInfoflow - 	 -> <com.swof.transport.m: com.swof.bean.d c(java.io.OutputStream,com.swof.transport.i)>
2021-12-30 18:27:25 [main] INFO  s.j.i.a.SetupApplication$InPlaceInfoflow - 		 -> $r059 = $r011.<com.swof.bean.h: java.lang.String filePath>
2021-12-30 18:27:25 [main] INFO  s.j.i.a.SetupApplication$InPlaceInfoflow - 	 -> <com.swof.transport.m: com.swof.bean.d c(java.io.OutputStream,com.swof.transport.i)>
2021-12-30 18:27:25 [main] INFO  s.j.i.a.SetupApplication$InPlaceInfoflow - 		 -> specialinvoke $r006.<com.swof.bean.d: void <init>(java.lang.String,java.lang.String,java.lang.String,int,java.lang.String,int)>($r061, $r059, $r030, $i003, $r065, $i011)
2021-12-30 18:27:25 [main] INFO  s.j.i.a.SetupApplication$InPlaceInfoflow - 	 -> <com.swof.bean.d: void <init>(java.lang.String,java.lang.String,java.lang.String,int,java.lang.String,int)>
2021-12-30 18:27:25 [main] INFO  s.j.i.a.SetupApplication$InPlaceInfoflow - 		 -> $r0.<com.swof.bean.d: java.lang.String filePath> = $r2
2021-12-30 18:27:25 [main] INFO  s.j.i.a.SetupApplication$InPlaceInfoflow - 	 -> <com.swof.bean.d: void <init>(java.lang.String,java.lang.String,java.lang.String,int,java.lang.String,int)>
2021-12-30 18:27:25 [main] INFO  s.j.i.a.SetupApplication$InPlaceInfoflow - 		 -> return
2021-12-30 18:27:25 [main] INFO  s.j.i.a.SetupApplication$InPlaceInfoflow - 	 -> <com.swof.transport.m: com.swof.bean.d c(java.io.OutputStream,com.swof.transport.i)>
2021-12-30 18:27:25 [main] INFO  s.j.i.a.SetupApplication$InPlaceInfoflow - 		 -> virtualinvoke $r015.<com.swof.i.i: void b(boolean,com.swof.bean.d,int,java.lang.String,boolean)>(0, $r006, 208, null, 0)
2021-12-30 18:27:25 [main] INFO  s.j.i.a.SetupApplication$InPlaceInfoflow - 	 -> <com.swof.i.i: void b(boolean,com.swof.bean.d,int,java.lang.String,boolean)>
2021-12-30 18:27:25 [main] INFO  s.j.i.a.SetupApplication$InPlaceInfoflow - 		 -> specialinvoke $r2.<com.swof.i.d: void <init>(com.swof.i.i,boolean,com.swof.bean.d,int,java.lang.String,boolean)>($r3, $z0, $r1, $i0, $r4, $z1)
2021-12-30 18:27:25 [main] INFO  s.j.i.a.SetupApplication$InPlaceInfoflow - 	 -> <com.swof.i.d: void <init>(com.swof.i.i,boolean,com.swof.bean.d,int,java.lang.String,boolean)>
2021-12-30 18:27:25 [main] INFO  s.j.i.a.SetupApplication$InPlaceInfoflow - 		 -> return
2021-12-30 18:27:25 [main] INFO  s.j.i.a.SetupApplication$InPlaceInfoflow - 	 -> <com.swof.i.i: void b(boolean,com.swof.bean.d,int,java.lang.String,boolean)>
2021-12-30 18:27:25 [main] INFO  s.j.i.a.SetupApplication$InPlaceInfoflow - 		 -> return
2021-12-30 18:27:25 [main] INFO  s.j.i.a.SetupApplication$InPlaceInfoflow - 	 -> <com.swof.transport.e: void run()>
2021-12-30 18:27:25 [main] INFO  s.j.i.a.SetupApplication$InPlaceInfoflow - 		 -> virtualinvoke $r008.<com.swof.i.i: void d(boolean,com.swof.bean.d,boolean)>(0, $r001, 1)
2021-12-30 18:27:25 [main] INFO  s.j.i.a.SetupApplication$InPlaceInfoflow - 	 -> <com.swof.i.i: void d(boolean,com.swof.bean.d,boolean)>
2021-12-30 18:27:25 [main] INFO  s.j.i.a.SetupApplication$InPlaceInfoflow - 		 -> specialinvoke $r3.<com.swof.i.r: void <init>(com.swof.i.i,boolean,com.swof.bean.d,boolean)>($r2, $z0, $r1, $z1)
2021-12-30 18:27:25 [main] INFO  s.j.i.a.SetupApplication$InPlaceInfoflow - 	 -> <com.swof.i.r: void <init>(com.swof.i.i,boolean,com.swof.bean.d,boolean)>
2021-12-30 18:27:25 [main] INFO  s.j.i.a.SetupApplication$InPlaceInfoflow - 		 -> return
2021-12-30 18:27:25 [main] INFO  s.j.i.a.SetupApplication$InPlaceInfoflow - 	 -> <com.swof.i.i: void d(boolean,com.swof.bean.d,boolean)>
2021-12-30 18:27:25 [main] INFO  s.j.i.a.SetupApplication$InPlaceInfoflow - 		 -> return
2021-12-30 18:27:25 [main] INFO  s.j.i.a.SetupApplication$InPlaceInfoflow - 	 -> <com.swof.transport.e: void run()>
2021-12-30 18:27:25 [main] INFO  s.j.i.a.SetupApplication$InPlaceInfoflow - 		 -> $r080 = $r001.<com.swof.bean.d: java.lang.String filePath>
2021-12-30 18:27:25 [main] INFO  s.j.i.a.SetupApplication$InPlaceInfoflow - 	 -> <com.swof.transport.e: void run()>
2021-12-30 18:27:25 [main] INFO  s.j.i.a.SetupApplication$InPlaceInfoflow - 		 -> specialinvoke $r046.<java.io.File: void <init>(java.lang.String)>($r080)
2021-12-30 18:27:25 [main] INFO  s.j.i.a.SetupApplication$InPlaceInfoflow - 	 -> <com.swof.transport.e: void run()>
2021-12-30 18:27:25 [main] INFO  s.j.i.a.SetupApplication$InPlaceInfoflow - 		 -> staticinvoke <com.swof.utils.a: void h(java.io.File)>($r046)
2021-12-30 18:27:25 [main] INFO  s.j.i.a.SetupApplication$InPlaceInfoflow - 	 -> <com.swof.utils.a: void h(java.io.File)>
2021-12-30 18:27:25 [main] INFO  s.j.i.a.SetupApplication$InPlaceInfoflow - 		 -> specialinvoke $r0.<com.swof.utils.c: void <init>(java.io.File)>($r1)
2021-12-30 18:27:25 [main] INFO  s.j.i.a.SetupApplication$InPlaceInfoflow - 	 -> <com.swof.utils.c: void <init>(java.io.File)>
2021-12-30 18:27:25 [main] INFO  s.j.i.a.SetupApplication$InPlaceInfoflow - 		 -> $r0.<com.swof.utils.c: java.io.File qs> = $r1
2021-12-30 18:27:25 [main] INFO  s.j.i.a.SetupApplication$InPlaceInfoflow - 	 -> <com.swof.utils.c: void <init>(java.io.File)>
2021-12-30 18:27:25 [main] INFO  s.j.i.a.SetupApplication$InPlaceInfoflow - 		 -> return
2021-12-30 18:27:25 [main] INFO  s.j.i.a.SetupApplication$InPlaceInfoflow - 	 -> <com.swof.utils.a: void h(java.io.File)>
2021-12-30 18:27:25 [main] INFO  s.j.i.a.SetupApplication$InPlaceInfoflow - 		 -> staticinvoke <com.swof.h.f: void execute(java.lang.Runnable)>($r0)
2021-12-30 18:27:25 [main] INFO  s.j.i.a.SetupApplication$InPlaceInfoflow - 	 -> <com.swof.h.f: void execute(java.lang.Runnable)>
2021-12-30 18:27:25 [main] INFO  s.j.i.a.SetupApplication$InPlaceInfoflow - 		 -> interfaceinvoke $r1.<java.util.concurrent.ExecutorService: void execute(java.lang.Runnable)>($r0)
2021-12-30 18:27:25 [main] INFO  s.j.i.a.SetupApplication$InPlaceInfoflow - 	 -> <com.swof.utils.c: void run()>
2021-12-30 18:27:25 [main] INFO  s.j.i.a.SetupApplication$InPlaceInfoflow - 		 -> $r2 = $r1.<com.swof.utils.c: java.io.File qs>
2021-12-30 18:27:25 [main] INFO  s.j.i.a.SetupApplication$InPlaceInfoflow - 	 -> <com.swof.utils.c: void run()>
2021-12-30 18:27:25 [main] INFO  s.j.i.a.SetupApplication$InPlaceInfoflow - 		 -> staticinvoke <com.swof.utils.a: void c(android.content.Context,java.io.File)>($r0, $r2)
2021-12-30 18:27:25 [main] INFO  s.j.i.a.SetupApplication$InPlaceInfoflow - 	 -> <com.swof.utils.a: void c(android.content.Context,java.io.File)>
2021-12-30 18:27:25 [main] INFO  s.j.i.a.SetupApplication$InPlaceInfoflow - 		 -> staticinvoke <com.swof.utils.a: void b(android.content.Context,java.io.File,int,int)>($r0, $r1, -1, -1)
2021-12-30 18:27:25 [main] INFO  s.j.i.a.SetupApplication$InPlaceInfoflow - 	 -> <com.swof.utils.a: void b(android.content.Context,java.io.File,int,int)>
2021-12-30 18:27:25 [main] INFO  s.j.i.a.SetupApplication$InPlaceInfoflow - 		 -> staticinvoke <com.swof.utils.a: boolean a(android.content.Context,java.io.File,int,int)>($r0, $r1, $i0, $i1)
2021-12-30 18:27:25 [main] INFO  s.j.i.a.SetupApplication$InPlaceInfoflow - 	 -> <com.swof.utils.a: boolean a(android.content.Context,java.io.File,int,int)>
2021-12-30 18:27:25 [main] INFO  s.j.i.a.SetupApplication$InPlaceInfoflow - 		 -> $r26 = virtualinvoke $r13.<java.io.File: java.lang.String getName()>()
2021-12-30 18:27:25 [main] INFO  s.j.i.a.SetupApplication$InPlaceInfoflow - 	 -> <com.swof.utils.a: boolean a(android.content.Context,java.io.File,int,int)>
2021-12-30 18:27:25 [main] INFO  s.j.i.a.SetupApplication$InPlaceInfoflow - 		 -> virtualinvoke $r03.<android.content.ContentValues: void put(java.lang.String,java.lang.String)>("_display_name", $r26)
2021-12-30 18:27:25 [main] INFO  s.j.i.a.SetupApplication$InPlaceInfoflow - 	 -> <com.swof.utils.a: boolean a(android.content.Context,java.io.File,int,int)>
2021-12-30 18:27:25 [main] INFO  s.j.i.a.SetupApplication$InPlaceInfoflow - 		 -> virtualinvoke $r00.<android.content.ContentResolver: android.net.Uri insert(android.net.Uri,android.content.ContentValues)>($r08, $r03)
2021-12-30 18:27:25 [main] INFO  s.j.i.a.SetupApplication$InPlaceInfoflow - The sink virtualinvoke $r03.<java.io.ByteArrayOutputStream: void write(byte[],int,int)>($r01, 0, $i03) in method <com.uc.crashsdk.a.c: byte[] a(java.lang.String,byte[])> was called with values from the following sources:
2021-12-30 18:27:25 [main] INFO  s.j.i.a.SetupApplication$InPlaceInfoflow - - $r04 = virtualinvoke $r19.<java.net.HttpURLConnection: java.io.InputStream getInputStream()>() in method <com.uc.crashsdk.a.c: byte[] a(java.lang.String,byte[])>
2021-12-30 18:27:25 [main] INFO  s.j.i.a.SetupApplication$InPlaceInfoflow - 	on Path: 
2021-12-30 18:27:25 [main] INFO  s.j.i.a.SetupApplication$InPlaceInfoflow - 	 -> <com.uc.crashsdk.a.c: byte[] a(java.lang.String,byte[])>
2021-12-30 18:27:25 [main] INFO  s.j.i.a.SetupApplication$InPlaceInfoflow - 		 -> $r04 = virtualinvoke $r19.<java.net.HttpURLConnection: java.io.InputStream getInputStream()>()
2021-12-30 18:27:25 [main] INFO  s.j.i.a.SetupApplication$InPlaceInfoflow - 	 -> <com.uc.crashsdk.a.c: byte[] a(java.lang.String,byte[])>
2021-12-30 18:27:25 [main] INFO  s.j.i.a.SetupApplication$InPlaceInfoflow - 		 -> $i03 = virtualinvoke $r04.<java.io.InputStream: int read(byte[])>($r01)
2021-12-30 18:27:25 [main] INFO  s.j.i.a.SetupApplication$InPlaceInfoflow - 	 -> <com.uc.crashsdk.a.c: byte[] a(java.lang.String,byte[])>
2021-12-30 18:27:25 [main] INFO  s.j.i.a.SetupApplication$InPlaceInfoflow - 		 -> virtualinvoke $r03.<java.io.ByteArrayOutputStream: void write(byte[],int,int)>($r01, 0, $i03)
2021-12-30 18:27:25 [main] INFO  s.j.i.a.SetupApplication$InPlaceInfoflow - The sink $r04 = virtualinvoke $r00.<android.content.ContentResolver: android.database.Cursor query(android.net.Uri,java.lang.String[],java.lang.String,java.lang.String[],java.lang.String)>($r05, $r12, $r09, $r13, null) in method <com.swof.filemanager.filestore.d.d: boolean a(java.lang.String,android.database.Cursor)> was called with values from the following sources:
2021-12-30 18:27:25 [main] INFO  s.j.i.a.SetupApplication$InPlaceInfoflow - - $r05 = interfaceinvoke $r00.<android.database.Cursor: java.lang.String getString(int)>($i00) in method <com.swof.filemanager.filestore.c: boolean a(android.database.Cursor,java.util.List,com.swof.filemanager.filestore.b.a)>
2021-12-30 18:27:25 [main] INFO  s.j.i.a.SetupApplication$InPlaceInfoflow - 	on Path: 
2021-12-30 18:27:25 [main] INFO  s.j.i.a.SetupApplication$InPlaceInfoflow - 	 -> <com.swof.filemanager.filestore.c: boolean a(android.database.Cursor,java.util.List,com.swof.filemanager.filestore.b.a)>
2021-12-30 18:27:25 [main] INFO  s.j.i.a.SetupApplication$InPlaceInfoflow - 		 -> $r05 = interfaceinvoke $r00.<android.database.Cursor: java.lang.String getString(int)>($i00)
2021-12-30 18:27:25 [main] INFO  s.j.i.a.SetupApplication$InPlaceInfoflow - 	 -> <com.swof.filemanager.filestore.c: boolean a(android.database.Cursor,java.util.List,com.swof.filemanager.filestore.b.a)>
2021-12-30 18:27:25 [main] INFO  s.j.i.a.SetupApplication$InPlaceInfoflow - 		 -> interfaceinvoke $r02.<com.swof.filemanager.filestore.b.a: boolean a(android.database.Cursor,java.lang.String)>($r00, $r05)
2021-12-30 18:27:25 [main] INFO  s.j.i.a.SetupApplication$InPlaceInfoflow - 	 -> <com.swof.filemanager.filestore.b.b: boolean a(android.database.Cursor,java.lang.String)>
2021-12-30 18:27:25 [main] INFO  s.j.i.a.SetupApplication$InPlaceInfoflow - 		 -> $z1 = specialinvoke $r1.<com.swof.filemanager.filestore.b.b: boolean b(android.database.Cursor,java.lang.String)>($r0, $r2)
2021-12-30 18:27:25 [main] INFO  s.j.i.a.SetupApplication$InPlaceInfoflow - 	 -> <com.swof.filemanager.filestore.b.b: boolean b(android.database.Cursor,java.lang.String)>
2021-12-30 18:27:25 [main] INFO  s.j.i.a.SetupApplication$InPlaceInfoflow - 		 -> $z03 = interfaceinvoke $r13.<com.swof.filemanager.filestore.d.a: boolean a(java.lang.String,android.database.Cursor)>($r19, $r05)
2021-12-30 18:27:25 [main] INFO  s.j.i.a.SetupApplication$InPlaceInfoflow - 	 -> <com.swof.filemanager.filestore.d.c: boolean a(java.lang.String,android.database.Cursor)>
2021-12-30 18:27:25 [main] INFO  s.j.i.a.SetupApplication$InPlaceInfoflow - 		 -> $r1.<com.swof.filemanager.filestore.d.c: java.lang.String mFilePath> = $r2
2021-12-30 18:27:25 [main] INFO  s.j.i.a.SetupApplication$InPlaceInfoflow - 	 -> <com.swof.filemanager.filestore.d.c: boolean a(java.lang.String,android.database.Cursor)>
2021-12-30 18:27:25 [main] INFO  s.j.i.a.SetupApplication$InPlaceInfoflow - 		 -> return 1
2021-12-30 18:27:25 [main] INFO  s.j.i.a.SetupApplication$InPlaceInfoflow - 	 -> <com.swof.filemanager.filestore.d.d: boolean a(java.lang.String,android.database.Cursor)>
2021-12-30 18:27:25 [main] INFO  s.j.i.a.SetupApplication$InPlaceInfoflow - 		 -> specialinvoke $r07.<com.swof.filemanager.filestore.d.d: boolean b(android.database.Cursor)>($r02)
2021-12-30 18:27:25 [main] INFO  s.j.i.a.SetupApplication$InPlaceInfoflow - 	 -> <com.swof.filemanager.filestore.d.d: boolean b(android.database.Cursor)>
2021-12-30 18:27:25 [main] INFO  s.j.i.a.SetupApplication$InPlaceInfoflow - 		 -> return 1
2021-12-30 18:27:25 [main] INFO  s.j.i.a.SetupApplication$InPlaceInfoflow - 	 -> <com.swof.filemanager.filestore.d.d: boolean a(java.lang.String,android.database.Cursor)>
2021-12-30 18:27:25 [main] INFO  s.j.i.a.SetupApplication$InPlaceInfoflow - 		 -> $r10 = $r07.<com.swof.filemanager.filestore.d.d: java.lang.String mFilePath>
2021-12-30 18:27:25 [main] INFO  s.j.i.a.SetupApplication$InPlaceInfoflow - 	 -> <com.swof.filemanager.filestore.d.d: boolean a(java.lang.String,android.database.Cursor)>
2021-12-30 18:27:25 [main] INFO  s.j.i.a.SetupApplication$InPlaceInfoflow - 		 -> $r13[0] = $r10
2021-12-30 18:27:25 [main] INFO  s.j.i.a.SetupApplication$InPlaceInfoflow - 	 -> <com.swof.filemanager.filestore.d.d: boolean a(java.lang.String,android.database.Cursor)>
2021-12-30 18:27:25 [main] INFO  s.j.i.a.SetupApplication$InPlaceInfoflow - 		 -> $r04 = virtualinvoke $r00.<android.content.ContentResolver: android.database.Cursor query(android.net.Uri,java.lang.String[],java.lang.String,java.lang.String[],java.lang.String)>($r05, $r12, $r09, $r13, null)
2021-12-30 18:27:25 [main] INFO  s.j.i.a.SetupApplication$InPlaceInfoflow - The sink virtualinvoke $r02.<android.os.Bundle: void putInt(java.lang.String,int)>($r05, $i01) in method <com.uc.browser.core.download.al: int getInt(java.lang.String)> was called with values from the following sources:
2021-12-30 18:27:25 [main] INFO  s.j.i.a.SetupApplication$InPlaceInfoflow - - $r12 = interfaceinvoke $r00.<android.database.Cursor: java.lang.String getString(int)>($i12) in method <com.uc.base.c.c.e: boolean a(android.database.Cursor,java.lang.String[])>
2021-12-30 18:27:25 [main] INFO  s.j.i.a.SetupApplication$InPlaceInfoflow - 	on Path: 
2021-12-30 18:27:25 [main] INFO  s.j.i.a.SetupApplication$InPlaceInfoflow - 	 -> <com.uc.base.c.c.e: boolean a(android.database.Cursor,java.lang.String[])>
2021-12-30 18:27:25 [main] INFO  s.j.i.a.SetupApplication$InPlaceInfoflow - 		 -> $r12 = interfaceinvoke $r00.<android.database.Cursor: java.lang.String getString(int)>($i12)
2021-12-30 18:27:25 [main] INFO  s.j.i.a.SetupApplication$InPlaceInfoflow - 	 -> <com.uc.base.c.c.e: boolean a(android.database.Cursor,java.lang.String[])>
2021-12-30 18:27:25 [main] INFO  s.j.i.a.SetupApplication$InPlaceInfoflow - 		 -> specialinvoke $r01.<com.uc.base.c.c.e: void ER(java.lang.String)>($r12)
2021-12-30 18:27:25 [main] INFO  s.j.i.a.SetupApplication$InPlaceInfoflow - 	 -> <com.uc.base.c.c.e: void ER(java.lang.String)>
2021-12-30 18:27:25 [main] INFO  s.j.i.a.SetupApplication$InPlaceInfoflow - 		 -> $r02 = virtualinvoke $r01.<java.lang.String: java.lang.String substring(int)>($i01)
2021-12-30 18:27:25 [main] INFO  s.j.i.a.SetupApplication$InPlaceInfoflow - 	 -> <com.uc.base.c.c.e: void ER(java.lang.String)>
2021-12-30 18:27:25 [main] INFO  s.j.i.a.SetupApplication$InPlaceInfoflow - 		 -> $r04 = virtualinvoke $r02.<java.lang.String: java.lang.String substring(int)>($i04)
2021-12-30 18:27:25 [main] INFO  s.j.i.a.SetupApplication$InPlaceInfoflow - 	 -> <com.uc.base.c.c.e: void ER(java.lang.String)>
2021-12-30 18:27:25 [main] INFO  s.j.i.a.SetupApplication$InPlaceInfoflow - 		 -> virtualinvoke $r05.<java.util.HashMap: java.lang.Object put(java.lang.Object,java.lang.Object)>($r03, $r04)
2021-12-30 18:27:25 [main] INFO  s.j.i.a.SetupApplication$InPlaceInfoflow - 	 -> <com.uc.base.c.c.e: void ER(java.lang.String)>
2021-12-30 18:27:25 [main] INFO  s.j.i.a.SetupApplication$InPlaceInfoflow - 		 -> $r05 = $r00.<com.uc.base.c.c.e: java.util.HashMap hZH>
2021-12-30 18:27:25 [main] INFO  s.j.i.a.SetupApplication$InPlaceInfoflow - 	 -> <com.uc.base.c.c.e: void ER(java.lang.String)>
2021-12-30 18:27:25 [main] INFO  s.j.i.a.SetupApplication$InPlaceInfoflow - 		 -> return
2021-12-30 18:27:25 [main] INFO  s.j.i.a.SetupApplication$InPlaceInfoflow - 	 -> <com.uc.base.c.c.e: boolean a(android.database.Cursor,java.lang.String[])>
2021-12-30 18:27:25 [main] INFO  s.j.i.a.SetupApplication$InPlaceInfoflow - 		 -> specialinvoke $r01.<com.uc.base.c.c.e: void ER(java.lang.String)>($r07)
2021-12-30 18:27:25 [main] INFO  s.j.i.a.SetupApplication$InPlaceInfoflow - 	 -> <com.uc.base.c.c.e: void ER(java.lang.String)>
2021-12-30 18:27:25 [main] INFO  s.j.i.a.SetupApplication$InPlaceInfoflow - 		 -> return
2021-12-30 18:27:25 [main] INFO  s.j.i.a.SetupApplication$InPlaceInfoflow - 	 -> <com.uc.base.c.c.e: boolean a(android.database.Cursor,java.lang.String[])>
2021-12-30 18:27:25 [main] INFO  s.j.i.a.SetupApplication$InPlaceInfoflow - 		 -> return 1
2021-12-30 18:27:25 [main] INFO  s.j.i.a.SetupApplication$InPlaceInfoflow - 	 -> <com.uc.base.c.c.e: boolean w(java.lang.String[])>
2021-12-30 18:27:25 [main] INFO  s.j.i.a.SetupApplication$InPlaceInfoflow - 		 -> return 0
2021-12-30 18:27:25 [main] INFO  s.j.i.a.SetupApplication$InPlaceInfoflow - 	 -> <com.uc.base.c.c.e: java.lang.Integer aB(int,java.lang.String)>
2021-12-30 18:27:25 [main] INFO  s.j.i.a.SetupApplication$InPlaceInfoflow - 		 -> $r07 = specialinvoke $r00.<com.uc.base.c.c.e: java.lang.String EQ(java.lang.String)>($r06)
2021-12-30 18:27:25 [main] INFO  s.j.i.a.SetupApplication$InPlaceInfoflow - 	 -> <com.uc.base.c.c.e: java.lang.String EQ(java.lang.String)>
2021-12-30 18:27:25 [main] INFO  s.j.i.a.SetupApplication$InPlaceInfoflow - 		 -> $r4 = $r0.<com.uc.base.c.c.e: java.util.HashMap hZH>
2021-12-30 18:27:25 [main] INFO  s.j.i.a.SetupApplication$InPlaceInfoflow - 	 -> <com.uc.base.c.c.e: java.lang.String EQ(java.lang.String)>
2021-12-30 18:27:25 [main] INFO  s.j.i.a.SetupApplication$InPlaceInfoflow - 		 -> $r1 = virtualinvoke $r4.<java.util.HashMap: java.lang.Object get(java.lang.Object)>($r2)
2021-12-30 18:27:25 [main] INFO  s.j.i.a.SetupApplication$InPlaceInfoflow - 	 -> <com.uc.base.c.c.e: java.lang.String EQ(java.lang.String)>
2021-12-30 18:27:25 [main] INFO  s.j.i.a.SetupApplication$InPlaceInfoflow - 		 -> $r3 = (java.lang.String) $r1
2021-12-30 18:27:25 [main] INFO  s.j.i.a.SetupApplication$InPlaceInfoflow - 	 -> <com.uc.base.c.c.e: java.lang.String EQ(java.lang.String)>
2021-12-30 18:27:25 [main] INFO  s.j.i.a.SetupApplication$InPlaceInfoflow - 		 -> return $r3
2021-12-30 18:27:25 [main] INFO  s.j.i.a.SetupApplication$InPlaceInfoflow - 	 -> <com.uc.base.c.c.e: java.lang.Integer aB(int,java.lang.String)>
2021-12-30 18:27:25 [main] INFO  s.j.i.a.SetupApplication$InPlaceInfoflow - 		 -> $r03 = staticinvoke <java.lang.Integer: java.lang.Integer valueOf(java.lang.String)>($r07)
2021-12-30 18:27:25 [main] INFO  s.j.i.a.SetupApplication$InPlaceInfoflow - 	 -> <com.uc.base.c.c.e: java.lang.Integer aB(int,java.lang.String)>
2021-12-30 18:27:25 [main] INFO  s.j.i.a.SetupApplication$InPlaceInfoflow - 		 -> return $r03
2021-12-30 18:27:25 [main] INFO  s.j.i.a.SetupApplication$InPlaceInfoflow - 	 -> <com.uc.base.c.c.g: int v(java.lang.String,int,int)>
2021-12-30 18:27:25 [main] INFO  s.j.i.a.SetupApplication$InPlaceInfoflow - 		 -> $r1 = $r0
2021-12-30 18:27:25 [main] INFO  s.j.i.a.SetupApplication$InPlaceInfoflow - 	 -> <com.uc.base.c.c.g: int v(java.lang.String,int,int)>
2021-12-30 18:27:25 [main] INFO  s.j.i.a.SetupApplication$InPlaceInfoflow - 		 -> $i2 = virtualinvoke $r1.<java.lang.Integer: int intValue()>()
2021-12-30 18:27:25 [main] INFO  s.j.i.a.SetupApplication$InPlaceInfoflow - 	 -> <com.uc.base.c.c.g: int v(java.lang.String,int,int)>
2021-12-30 18:27:25 [main] INFO  s.j.i.a.SetupApplication$InPlaceInfoflow - 		 -> return $i2
2021-12-30 18:27:25 [main] INFO  s.j.i.a.SetupApplication$InPlaceInfoflow - 	 -> <com.uc.browser.core.download.al: int getInt(java.lang.String)>
2021-12-30 18:27:25 [main] INFO  s.j.i.a.SetupApplication$InPlaceInfoflow - 		 -> virtualinvoke $r02.<android.os.Bundle: void putInt(java.lang.String,int)>($r05, $i01)
2021-12-30 18:27:25 [main] INFO  s.j.i.a.SetupApplication$InPlaceInfoflow - - $r07 = interfaceinvoke $r00.<android.database.Cursor: java.lang.String getString(int)>($i04) in method <com.uc.base.c.c.e: boolean a(android.database.Cursor,java.lang.String[])>
2021-12-30 18:27:25 [main] INFO  s.j.i.a.SetupApplication$InPlaceInfoflow - 	on Path: 
2021-12-30 18:27:25 [main] INFO  s.j.i.a.SetupApplication$InPlaceInfoflow - 	 -> <com.uc.base.c.c.e: boolean a(android.database.Cursor,java.lang.String[])>
2021-12-30 18:27:25 [main] INFO  s.j.i.a.SetupApplication$InPlaceInfoflow - 		 -> $r07 = interfaceinvoke $r00.<android.database.Cursor: java.lang.String getString(int)>($i04)
2021-12-30 18:27:25 [main] INFO  s.j.i.a.SetupApplication$InPlaceInfoflow - 	 -> <com.uc.base.c.c.e: boolean a(android.database.Cursor,java.lang.String[])>
2021-12-30 18:27:25 [main] INFO  s.j.i.a.SetupApplication$InPlaceInfoflow - 		 -> specialinvoke $r01.<com.uc.base.c.c.e: void ER(java.lang.String)>($r07)
2021-12-30 18:27:25 [main] INFO  s.j.i.a.SetupApplication$InPlaceInfoflow - 	 -> <com.uc.base.c.c.e: void ER(java.lang.String)>
2021-12-30 18:27:25 [main] INFO  s.j.i.a.SetupApplication$InPlaceInfoflow - 		 -> $r02 = virtualinvoke $r01.<java.lang.String: java.lang.String substring(int)>($i01)
2021-12-30 18:27:25 [main] INFO  s.j.i.a.SetupApplication$InPlaceInfoflow - 	 -> <com.uc.base.c.c.e: void ER(java.lang.String)>
2021-12-30 18:27:25 [main] INFO  s.j.i.a.SetupApplication$InPlaceInfoflow - 		 -> $r04 = virtualinvoke $r02.<java.lang.String: java.lang.String substring(int)>($i04)
2021-12-30 18:27:25 [main] INFO  s.j.i.a.SetupApplication$InPlaceInfoflow - 	 -> <com.uc.base.c.c.e: void ER(java.lang.String)>
2021-12-30 18:27:25 [main] INFO  s.j.i.a.SetupApplication$InPlaceInfoflow - 		 -> virtualinvoke $r05.<java.util.HashMap: java.lang.Object put(java.lang.Object,java.lang.Object)>($r03, $r04)
2021-12-30 18:27:25 [main] INFO  s.j.i.a.SetupApplication$InPlaceInfoflow - 	 -> <com.uc.base.c.c.e: void ER(java.lang.String)>
2021-12-30 18:27:25 [main] INFO  s.j.i.a.SetupApplication$InPlaceInfoflow - 		 -> $r05 = $r00.<com.uc.base.c.c.e: java.util.HashMap hZH>
2021-12-30 18:27:25 [main] INFO  s.j.i.a.SetupApplication$InPlaceInfoflow - 	 -> <com.uc.base.c.c.e: void ER(java.lang.String)>
2021-12-30 18:27:25 [main] INFO  s.j.i.a.SetupApplication$InPlaceInfoflow - 		 -> return
2021-12-30 18:27:25 [main] INFO  s.j.i.a.SetupApplication$InPlaceInfoflow - 	 -> <com.uc.base.c.c.e: boolean a(android.database.Cursor,java.lang.String[])>
2021-12-30 18:27:25 [main] INFO  s.j.i.a.SetupApplication$InPlaceInfoflow - 		 -> specialinvoke $r01.<com.uc.base.c.c.e: void ER(java.lang.String)>($r07)
2021-12-30 18:27:25 [main] INFO  s.j.i.a.SetupApplication$InPlaceInfoflow - 	 -> <com.uc.base.c.c.e: void ER(java.lang.String)>
2021-12-30 18:27:25 [main] INFO  s.j.i.a.SetupApplication$InPlaceInfoflow - 		 -> return
2021-12-30 18:27:25 [main] INFO  s.j.i.a.SetupApplication$InPlaceInfoflow - 	 -> <com.uc.base.c.c.e: boolean a(android.database.Cursor,java.lang.String[])>
2021-12-30 18:27:25 [main] INFO  s.j.i.a.SetupApplication$InPlaceInfoflow - 		 -> return 1
2021-12-30 18:27:25 [main] INFO  s.j.i.a.SetupApplication$InPlaceInfoflow - 	 -> <com.uc.base.c.c.e: boolean w(java.lang.String[])>
2021-12-30 18:27:25 [main] INFO  s.j.i.a.SetupApplication$InPlaceInfoflow - 		 -> return 0
2021-12-30 18:27:25 [main] INFO  s.j.i.a.SetupApplication$InPlaceInfoflow - 	 -> <com.uc.base.c.c.e: java.lang.Integer aB(int,java.lang.String)>
2021-12-30 18:27:25 [main] INFO  s.j.i.a.SetupApplication$InPlaceInfoflow - 		 -> $r07 = specialinvoke $r00.<com.uc.base.c.c.e: java.lang.String EQ(java.lang.String)>($r06)
2021-12-30 18:27:25 [main] INFO  s.j.i.a.SetupApplication$InPlaceInfoflow - 	 -> <com.uc.base.c.c.e: java.lang.String EQ(java.lang.String)>
2021-12-30 18:27:25 [main] INFO  s.j.i.a.SetupApplication$InPlaceInfoflow - 		 -> $r4 = $r0.<com.uc.base.c.c.e: java.util.HashMap hZH>
2021-12-30 18:27:25 [main] INFO  s.j.i.a.SetupApplication$InPlaceInfoflow - 	 -> <com.uc.base.c.c.e: java.lang.String EQ(java.lang.String)>
2021-12-30 18:27:25 [main] INFO  s.j.i.a.SetupApplication$InPlaceInfoflow - 		 -> $r1 = virtualinvoke $r4.<java.util.HashMap: java.lang.Object get(java.lang.Object)>($r2)
2021-12-30 18:27:25 [main] INFO  s.j.i.a.SetupApplication$InPlaceInfoflow - 	 -> <com.uc.base.c.c.e: java.lang.String EQ(java.lang.String)>
2021-12-30 18:27:25 [main] INFO  s.j.i.a.SetupApplication$InPlaceInfoflow - 		 -> $r3 = (java.lang.String) $r1
2021-12-30 18:27:25 [main] INFO  s.j.i.a.SetupApplication$InPlaceInfoflow - 	 -> <com.uc.base.c.c.e: java.lang.String EQ(java.lang.String)>
2021-12-30 18:27:25 [main] INFO  s.j.i.a.SetupApplication$InPlaceInfoflow - 		 -> return $r3
2021-12-30 18:27:25 [main] INFO  s.j.i.a.SetupApplication$InPlaceInfoflow - 	 -> <com.uc.base.c.c.e: java.lang.Integer aB(int,java.lang.String)>
2021-12-30 18:27:25 [main] INFO  s.j.i.a.SetupApplication$InPlaceInfoflow - 		 -> $r03 = staticinvoke <java.lang.Integer: java.lang.Integer valueOf(java.lang.String)>($r07)
2021-12-30 18:27:25 [main] INFO  s.j.i.a.SetupApplication$InPlaceInfoflow - 	 -> <com.uc.base.c.c.e: java.lang.Integer aB(int,java.lang.String)>
2021-12-30 18:27:25 [main] INFO  s.j.i.a.SetupApplication$InPlaceInfoflow - 		 -> return $r03
2021-12-30 18:27:25 [main] INFO  s.j.i.a.SetupApplication$InPlaceInfoflow - 	 -> <com.uc.base.c.c.g: int v(java.lang.String,int,int)>
2021-12-30 18:27:25 [main] INFO  s.j.i.a.SetupApplication$InPlaceInfoflow - 		 -> $r1 = $r0
2021-12-30 18:27:25 [main] INFO  s.j.i.a.SetupApplication$InPlaceInfoflow - 	 -> <com.uc.base.c.c.g: int v(java.lang.String,int,int)>
2021-12-30 18:27:25 [main] INFO  s.j.i.a.SetupApplication$InPlaceInfoflow - 		 -> $i2 = virtualinvoke $r1.<java.lang.Integer: int intValue()>()
2021-12-30 18:27:25 [main] INFO  s.j.i.a.SetupApplication$InPlaceInfoflow - 	 -> <com.uc.base.c.c.g: int v(java.lang.String,int,int)>
2021-12-30 18:27:25 [main] INFO  s.j.i.a.SetupApplication$InPlaceInfoflow - 		 -> return $i2
2021-12-30 18:27:25 [main] INFO  s.j.i.a.SetupApplication$InPlaceInfoflow - 	 -> <com.uc.browser.core.download.al: int getInt(java.lang.String)>
2021-12-30 18:27:25 [main] INFO  s.j.i.a.SetupApplication$InPlaceInfoflow - 		 -> virtualinvoke $r02.<android.os.Bundle: void putInt(java.lang.String,int)>($r05, $i01)
2021-12-30 18:27:25 [main] INFO  s.j.i.a.SetupApplication$InPlaceInfoflow - The sink virtualinvoke $r00.<android.content.ContentResolver: int update(android.net.Uri,android.content.ContentValues,java.lang.String,java.lang.String[])>($r03, $r01, "_data=?", $r09) in method <com.swof.filemanager.filestore.b.f: void run()> was called with values from the following sources:
2021-12-30 18:27:25 [main] INFO  s.j.i.a.SetupApplication$InPlaceInfoflow - - $r04 = virtualinvoke $r00.<android.content.ContentResolver: android.database.Cursor query(android.net.Uri,java.lang.String[],java.lang.String,java.lang.String[],java.lang.String)>($r05, $r12, $r09, $r13, null) in method <com.swof.filemanager.filestore.d.d: boolean a(java.lang.String,android.database.Cursor)>
2021-12-30 18:27:25 [main] INFO  s.j.i.a.SetupApplication$InPlaceInfoflow - 	on Path: 
2021-12-30 18:27:25 [main] INFO  s.j.i.a.SetupApplication$InPlaceInfoflow - 	 -> <com.swof.filemanager.filestore.d.d: boolean a(java.lang.String,android.database.Cursor)>
2021-12-30 18:27:25 [main] INFO  s.j.i.a.SetupApplication$InPlaceInfoflow - 		 -> $r04 = virtualinvoke $r00.<android.content.ContentResolver: android.database.Cursor query(android.net.Uri,java.lang.String[],java.lang.String,java.lang.String[],java.lang.String)>($r05, $r12, $r09, $r13, null)
2021-12-30 18:27:25 [main] INFO  s.j.i.a.SetupApplication$InPlaceInfoflow - 	 -> <com.swof.filemanager.filestore.d.d: boolean a(java.lang.String,android.database.Cursor)>
2021-12-30 18:27:25 [main] INFO  s.j.i.a.SetupApplication$InPlaceInfoflow - 		 -> specialinvoke $r07.<com.swof.filemanager.filestore.d.d: boolean b(android.database.Cursor)>($r04)
2021-12-30 18:27:25 [main] INFO  s.j.i.a.SetupApplication$InPlaceInfoflow - 	 -> <com.swof.filemanager.filestore.d.d: boolean b(android.database.Cursor)>
2021-12-30 18:27:25 [main] INFO  s.j.i.a.SetupApplication$InPlaceInfoflow - 		 -> $l04 = interfaceinvoke $r00.<android.database.Cursor: long getLong(int)>($i01)
2021-12-30 18:27:25 [main] INFO  s.j.i.a.SetupApplication$InPlaceInfoflow - 	 -> <com.swof.filemanager.filestore.a.a: long getLong(int)>
2021-12-30 18:27:25 [main] INFO  s.j.i.a.SetupApplication$InPlaceInfoflow - 		 -> $r04 = specialinvoke $r01.<com.swof.filemanager.filestore.a.a: java.lang.Object bp(int)>($i00)
2021-12-30 18:27:25 [main] INFO  s.j.i.a.SetupApplication$InPlaceInfoflow - 	 -> <com.swof.filemanager.filestore.a.a: java.lang.Object bp(int)>
2021-12-30 18:27:25 [main] INFO  s.j.i.a.SetupApplication$InPlaceInfoflow - 		 -> $r36 = $r08.<com.swof.filemanager.filestore.a.a: java.util.List Te>
2021-12-30 18:27:25 [main] INFO  s.j.i.a.SetupApplication$InPlaceInfoflow - 	 -> <com.swof.filemanager.filestore.a.a: java.lang.Object bp(int)>
2021-12-30 18:27:25 [main] INFO  s.j.i.a.SetupApplication$InPlaceInfoflow - 		 -> $r22 = interfaceinvoke $r36.<java.util.List: java.lang.Object get(int)>($i02)
2021-12-30 18:27:25 [main] INFO  s.j.i.a.SetupApplication$InPlaceInfoflow - 	 -> <com.swof.filemanager.filestore.a.a: java.lang.Object bp(int)>
2021-12-30 18:27:25 [main] INFO  s.j.i.a.SetupApplication$InPlaceInfoflow - 		 -> $r06 = (android.content.pm.PackageInfo) $r22
2021-12-30 18:27:25 [main] INFO  s.j.i.a.SetupApplication$InPlaceInfoflow - 	 -> <com.swof.filemanager.filestore.a.a: java.lang.Object bp(int)>
2021-12-30 18:27:25 [main] INFO  s.j.i.a.SetupApplication$InPlaceInfoflow - 		 -> $r02 = $r06.<android.content.pm.PackageInfo: android.content.pm.ApplicationInfo applicationInfo>
2021-12-30 18:27:25 [main] INFO  s.j.i.a.SetupApplication$InPlaceInfoflow - 	 -> <com.swof.filemanager.filestore.a.a: java.lang.Object bp(int)>
2021-12-30 18:27:25 [main] INFO  s.j.i.a.SetupApplication$InPlaceInfoflow - 		 -> $r28 = $r02.<android.content.pm.ApplicationInfo: java.lang.String sourceDir>
2021-12-30 18:27:25 [main] INFO  s.j.i.a.SetupApplication$InPlaceInfoflow - 	 -> <com.swof.filemanager.filestore.a.a: java.lang.Object bp(int)>
2021-12-30 18:27:25 [main] INFO  s.j.i.a.SetupApplication$InPlaceInfoflow - 		 -> $r29 = staticinvoke <com.swof.filemanager.d.f: java.lang.String getName(java.lang.String)>($r28)
2021-12-30 18:27:25 [main] INFO  s.j.i.a.SetupApplication$InPlaceInfoflow - 	 -> <com.swof.filemanager.d.f: java.lang.String getName(java.lang.String)>
2021-12-30 18:27:25 [main] INFO  s.j.i.a.SetupApplication$InPlaceInfoflow - 		 -> $r02 = virtualinvoke $r00.<java.lang.String: java.lang.String substring(int)>($i06)
2021-12-30 18:27:25 [main] INFO  s.j.i.a.SetupApplication$InPlaceInfoflow - 	 -> <com.swof.filemanager.d.f: java.lang.String getName(java.lang.String)>
2021-12-30 18:27:25 [main] INFO  s.j.i.a.SetupApplication$InPlaceInfoflow - 		 -> return $r02
2021-12-30 18:27:25 [main] INFO  s.j.i.a.SetupApplication$InPlaceInfoflow - 	 -> <com.swof.filemanager.filestore.b.f: void run()>
2021-12-30 18:27:25 [main] INFO  s.j.i.a.SetupApplication$InPlaceInfoflow - 		 -> virtualinvoke $r01.<android.content.ContentValues: void put(java.lang.String,java.lang.String)>("_display_name", $r07)
2021-12-30 18:27:25 [main] INFO  s.j.i.a.SetupApplication$InPlaceInfoflow - 	 -> <com.swof.filemanager.filestore.b.f: void run()>
2021-12-30 18:27:25 [main] INFO  s.j.i.a.SetupApplication$InPlaceInfoflow - 		 -> virtualinvoke $r00.<android.content.ContentResolver: int update(android.net.Uri,android.content.ContentValues,java.lang.String,java.lang.String[])>($r03, $r01, "_data=?", $r09)
2021-12-30 18:27:25 [main] INFO  s.j.i.a.SetupApplication$InPlaceInfoflow - - $r4 = interfaceinvoke $r0.<android.database.Cursor: java.lang.String getString(int)>($i0) in method <com.swof.filemanager.a.a.a.k: java.lang.String c(android.database.Cursor,java.lang.String)>
2021-12-30 18:27:25 [main] INFO  s.j.i.a.SetupApplication$InPlaceInfoflow - 	on Path: 
2021-12-30 18:27:25 [main] INFO  s.j.i.a.SetupApplication$InPlaceInfoflow - 	 -> <com.swof.filemanager.a.a.a.k: java.lang.String c(android.database.Cursor,java.lang.String)>
2021-12-30 18:27:25 [main] INFO  s.j.i.a.SetupApplication$InPlaceInfoflow - 		 -> $r4 = interfaceinvoke $r0.<android.database.Cursor: java.lang.String getString(int)>($i0)
2021-12-30 18:27:25 [main] INFO  s.j.i.a.SetupApplication$InPlaceInfoflow - 	 -> <com.swof.filemanager.a.a.a.k: java.lang.String c(android.database.Cursor,java.lang.String)>
2021-12-30 18:27:25 [main] INFO  s.j.i.a.SetupApplication$InPlaceInfoflow - 		 -> return $r4
2021-12-30 18:27:25 [main] INFO  s.j.i.a.SetupApplication$InPlaceInfoflow - 	 -> <com.swof.filemanager.a.a.a.k: boolean b(android.database.Cursor,com.swof.filemanager.c.c)>
2021-12-30 18:27:25 [main] INFO  s.j.i.a.SetupApplication$InPlaceInfoflow - 		 -> $r02.<com.swof.filemanager.c.c: java.lang.String filePath> = $r07
2021-12-30 18:27:25 [main] INFO  s.j.i.a.SetupApplication$InPlaceInfoflow - 	 -> <com.swof.filemanager.a.a.a.k: boolean b(android.database.Cursor,com.swof.filemanager.c.c)>
2021-12-30 18:27:25 [main] INFO  s.j.i.a.SetupApplication$InPlaceInfoflow - 		 -> $r08 = $r02.<com.swof.filemanager.c.c: java.lang.String filePath>
2021-12-30 18:27:25 [main] INFO  s.j.i.a.SetupApplication$InPlaceInfoflow - 	 -> <com.swof.filemanager.a.a.a.k: boolean b(android.database.Cursor,com.swof.filemanager.c.c)>
2021-12-30 18:27:25 [main] INFO  s.j.i.a.SetupApplication$InPlaceInfoflow - 		 -> $z04 = virtualinvoke $r05.<com.swof.filemanager.d.d: boolean cA(java.lang.String)>($r08)
2021-12-30 18:27:25 [main] INFO  s.j.i.a.SetupApplication$InPlaceInfoflow - 	 -> <com.swof.filemanager.d.d: boolean cA(java.lang.String)>
2021-12-30 18:27:25 [main] INFO  s.j.i.a.SetupApplication$InPlaceInfoflow - 		 -> $r07 = staticinvoke <com.swof.filemanager.d.f: java.lang.String getName(java.lang.String)>($r05)
2021-12-30 18:27:25 [main] INFO  s.j.i.a.SetupApplication$InPlaceInfoflow - 	 -> <com.swof.filemanager.d.f: java.lang.String getName(java.lang.String)>
2021-12-30 18:27:25 [main] INFO  s.j.i.a.SetupApplication$InPlaceInfoflow - 		 -> $r02 = virtualinvoke $r00.<java.lang.String: java.lang.String substring(int)>($i06)
2021-12-30 18:27:25 [main] INFO  s.j.i.a.SetupApplication$InPlaceInfoflow - 	 -> <com.swof.filemanager.d.f: java.lang.String getName(java.lang.String)>
2021-12-30 18:27:25 [main] INFO  s.j.i.a.SetupApplication$InPlaceInfoflow - 		 -> return $r02
2021-12-30 18:27:25 [main] INFO  s.j.i.a.SetupApplication$InPlaceInfoflow - 	 -> <com.swof.filemanager.filestore.b.f: void run()>
2021-12-30 18:27:25 [main] INFO  s.j.i.a.SetupApplication$InPlaceInfoflow - 		 -> virtualinvoke $r01.<android.content.ContentValues: void put(java.lang.String,java.lang.String)>("_display_name", $r07)
2021-12-30 18:27:25 [main] INFO  s.j.i.a.SetupApplication$InPlaceInfoflow - 	 -> <com.swof.filemanager.filestore.b.f: void run()>
2021-12-30 18:27:25 [main] INFO  s.j.i.a.SetupApplication$InPlaceInfoflow - 		 -> virtualinvoke $r00.<android.content.ContentResolver: int update(android.net.Uri,android.content.ContentValues,java.lang.String,java.lang.String[])>($r03, $r01, "_data=?", $r09)
2021-12-30 18:27:25 [main] INFO  s.j.i.a.SetupApplication$InPlaceInfoflow - - $r05 = interfaceinvoke $r00.<android.database.Cursor: java.lang.String getString(int)>($i00) in method <com.swof.filemanager.filestore.c: boolean a(android.database.Cursor,java.util.List,com.swof.filemanager.filestore.b.a)>
2021-12-30 18:27:25 [main] INFO  s.j.i.a.SetupApplication$InPlaceInfoflow - 	on Path: 
2021-12-30 18:27:25 [main] INFO  s.j.i.a.SetupApplication$InPlaceInfoflow - 	 -> <com.swof.filemanager.filestore.c: boolean a(android.database.Cursor,java.util.List,com.swof.filemanager.filestore.b.a)>
2021-12-30 18:27:25 [main] INFO  s.j.i.a.SetupApplication$InPlaceInfoflow - 		 -> $r05 = interfaceinvoke $r00.<android.database.Cursor: java.lang.String getString(int)>($i00)
2021-12-30 18:27:25 [main] INFO  s.j.i.a.SetupApplication$InPlaceInfoflow - 	 -> <com.swof.filemanager.filestore.c: boolean a(android.database.Cursor,java.util.List,com.swof.filemanager.filestore.b.a)>
2021-12-30 18:27:25 [main] INFO  s.j.i.a.SetupApplication$InPlaceInfoflow - 		 -> interfaceinvoke $r02.<com.swof.filemanager.filestore.b.a: boolean a(android.database.Cursor,java.lang.String)>($r00, $r05)
2021-12-30 18:27:25 [main] INFO  s.j.i.a.SetupApplication$InPlaceInfoflow - 	 -> <com.swof.filemanager.filestore.b.d: boolean a(android.database.Cursor,java.lang.String)>
2021-12-30 18:27:25 [main] INFO  s.j.i.a.SetupApplication$InPlaceInfoflow - 		 -> specialinvoke $r3.<com.swof.filemanager.filestore.b.f: void <init>(com.swof.filemanager.filestore.b.d,java.lang.String)>($r2, $r4)
2021-12-30 18:27:25 [main] INFO  s.j.i.a.SetupApplication$InPlaceInfoflow - 	 -> <com.swof.filemanager.filestore.b.f: void <init>(com.swof.filemanager.filestore.b.d,java.lang.String)>
2021-12-30 18:27:25 [main] INFO  s.j.i.a.SetupApplication$InPlaceInfoflow - 		 -> $r1.<com.swof.filemanager.filestore.b.f: java.lang.String TG> = $r2
2021-12-30 18:27:25 [main] INFO  s.j.i.a.SetupApplication$InPlaceInfoflow - 	 -> <com.swof.filemanager.filestore.b.f: void <init>(com.swof.filemanager.filestore.b.d,java.lang.String)>
2021-12-30 18:27:25 [main] INFO  s.j.i.a.SetupApplication$InPlaceInfoflow - 		 -> return
2021-12-30 18:27:25 [main] INFO  s.j.i.a.SetupApplication$InPlaceInfoflow - 	 -> <com.swof.filemanager.filestore.b.d: boolean a(android.database.Cursor,java.lang.String)>
2021-12-30 18:27:25 [main] INFO  s.j.i.a.SetupApplication$InPlaceInfoflow - 		 -> virtualinvoke $r1.<com.swof.filemanager.d.m: void h(java.lang.Runnable)>($r3)
2021-12-30 18:27:25 [main] INFO  s.j.i.a.SetupApplication$InPlaceInfoflow - 	 -> <com.swof.filemanager.d.m: void h(java.lang.Runnable)>
2021-12-30 18:27:25 [main] INFO  s.j.i.a.SetupApplication$InPlaceInfoflow - 		 -> interfaceinvoke $r3.<com.swof.filemanager.g.b: void h(java.lang.Runnable)>($r4)
2021-12-30 18:27:25 [main] INFO  s.j.i.a.SetupApplication$InPlaceInfoflow - 	 -> <com.swof.filemanager.d.a: void h(java.lang.Runnable)>
2021-12-30 18:27:25 [main] INFO  s.j.i.a.SetupApplication$InPlaceInfoflow - 		 -> interfaceinvoke $r2.<java.util.concurrent.ExecutorService: void execute(java.lang.Runnable)>($r1)
2021-12-30 18:27:25 [main] INFO  s.j.i.a.SetupApplication$InPlaceInfoflow - 	 -> <com.swof.filemanager.filestore.b.f: void run()>
2021-12-30 18:27:25 [main] INFO  s.j.i.a.SetupApplication$InPlaceInfoflow - 		 -> $r08 = $r05.<com.swof.filemanager.filestore.b.f: java.lang.String TG>
2021-12-30 18:27:25 [main] INFO  s.j.i.a.SetupApplication$InPlaceInfoflow - 	 -> <com.swof.filemanager.filestore.b.f: void run()>
2021-12-30 18:27:25 [main] INFO  s.j.i.a.SetupApplication$InPlaceInfoflow - 		 -> $r09[0] = $r08
2021-12-30 18:27:25 [main] INFO  s.j.i.a.SetupApplication$InPlaceInfoflow - 	 -> <com.swof.filemanager.filestore.b.f: void run()>
2021-12-30 18:27:25 [main] INFO  s.j.i.a.SetupApplication$InPlaceInfoflow - 		 -> virtualinvoke $r00.<android.content.ContentResolver: int update(android.net.Uri,android.content.ContentValues,java.lang.String,java.lang.String[])>($r03, $r01, "_data=?", $r09)
2021-12-30 18:27:25 [main] INFO  s.j.i.a.SetupApplication$InPlaceInfoflow - - $r07 = virtualinvoke $r01.<android.content.ContentResolver: android.database.Cursor query(android.net.Uri,java.lang.String[],java.lang.String,java.lang.String[],java.lang.String)>($r09, $r23, $r20, $r21, null) in method <com.swof.filemanager.filestore.a.d: android.database.Cursor jB()>
2021-12-30 18:27:25 [main] INFO  s.j.i.a.SetupApplication$InPlaceInfoflow - 	on Path: 
2021-12-30 18:27:25 [main] INFO  s.j.i.a.SetupApplication$InPlaceInfoflow - 	 -> <com.swof.filemanager.filestore.a.d: android.database.Cursor jB()>
2021-12-30 18:27:25 [main] INFO  s.j.i.a.SetupApplication$InPlaceInfoflow - 		 -> $r07 = virtualinvoke $r01.<android.content.ContentResolver: android.database.Cursor query(android.net.Uri,java.lang.String[],java.lang.String,java.lang.String[],java.lang.String)>($r09, $r23, $r20, $r21, null)
2021-12-30 18:27:25 [main] INFO  s.j.i.a.SetupApplication$InPlaceInfoflow - 	 -> <com.swof.filemanager.filestore.a.d: android.database.Cursor jB()>
2021-12-30 18:27:25 [main] INFO  s.j.i.a.SetupApplication$InPlaceInfoflow - 		 -> $r06 = $r07
2021-12-30 18:27:25 [main] INFO  s.j.i.a.SetupApplication$InPlaceInfoflow - 	 -> <com.swof.filemanager.filestore.a.d: android.database.Cursor jB()>
2021-12-30 18:27:25 [main] INFO  s.j.i.a.SetupApplication$InPlaceInfoflow - 		 -> return $r06
2021-12-30 18:27:25 [main] INFO  s.j.i.a.SetupApplication$InPlaceInfoflow - 	 -> <com.swof.filemanager.filestore.a.d: android.database.Cursor jA()>
2021-12-30 18:27:25 [main] INFO  s.j.i.a.SetupApplication$InPlaceInfoflow - 		 -> return $r0
2021-12-30 18:27:25 [main] INFO  s.j.i.a.SetupApplication$InPlaceInfoflow - 	 -> <com.swof.filemanager.filestore.c: void a(com.swof.filemanager.filestore.a.e,java.util.List,com.swof.filemanager.filestore.b.a)>
2021-12-30 18:27:25 [main] INFO  s.j.i.a.SetupApplication$InPlaceInfoflow - 		 -> staticinvoke <com.swof.filemanager.filestore.c: boolean a(android.database.Cursor,java.util.List,com.swof.filemanager.filestore.b.a)>($r00, $r10, $r05)
2021-12-30 18:27:25 [main] INFO  s.j.i.a.SetupApplication$InPlaceInfoflow - 	 -> <com.swof.filemanager.filestore.c: boolean a(android.database.Cursor,java.util.List,com.swof.filemanager.filestore.b.a)>
2021-12-30 18:27:25 [main] INFO  s.j.i.a.SetupApplication$InPlaceInfoflow - 		 -> interfaceinvoke $r02.<com.swof.filemanager.filestore.b.a: boolean a(android.database.Cursor,java.lang.String)>($r00, $r05)
2021-12-30 18:27:25 [main] INFO  s.j.i.a.SetupApplication$InPlaceInfoflow - 	 -> <com.swof.filemanager.filestore.b.d: boolean a(android.database.Cursor,java.lang.String)>
2021-12-30 18:27:25 [main] INFO  s.j.i.a.SetupApplication$InPlaceInfoflow - 		 -> $z0 = interfaceinvoke $r0.<android.database.Cursor: boolean isNull(int)>($i0)
2021-12-30 18:27:25 [main] INFO  s.j.i.a.SetupApplication$InPlaceInfoflow - 	 -> <com.swof.filemanager.filestore.a.a: boolean isNull(int)>
2021-12-30 18:27:25 [main] INFO  s.j.i.a.SetupApplication$InPlaceInfoflow - 		 -> $r1 = specialinvoke $r0.<com.swof.filemanager.filestore.a.a: java.lang.Object bp(int)>($i0)
2021-12-30 18:27:25 [main] INFO  s.j.i.a.SetupApplication$InPlaceInfoflow - 	 -> <com.swof.filemanager.filestore.a.a: java.lang.Object bp(int)>
2021-12-30 18:27:25 [main] INFO  s.j.i.a.SetupApplication$InPlaceInfoflow - 		 -> $r36 = $r08.<com.swof.filemanager.filestore.a.a: java.util.List Te>
2021-12-30 18:27:25 [main] INFO  s.j.i.a.SetupApplication$InPlaceInfoflow - 	 -> <com.swof.filemanager.filestore.a.a: java.lang.Object bp(int)>
2021-12-30 18:27:25 [main] INFO  s.j.i.a.SetupApplication$InPlaceInfoflow - 		 -> $r22 = interfaceinvoke $r36.<java.util.List: java.lang.Object get(int)>($i02)
2021-12-30 18:27:25 [main] INFO  s.j.i.a.SetupApplication$InPlaceInfoflow - 	 -> <com.swof.filemanager.filestore.a.a: java.lang.Object bp(int)>
2021-12-30 18:27:25 [main] INFO  s.j.i.a.SetupApplication$InPlaceInfoflow - 		 -> $r06 = (android.content.pm.PackageInfo) $r22
2021-12-30 18:27:25 [main] INFO  s.j.i.a.SetupApplication$InPlaceInfoflow - 	 -> <com.swof.filemanager.filestore.a.a: java.lang.Object bp(int)>
2021-12-30 18:27:25 [main] INFO  s.j.i.a.SetupApplication$InPlaceInfoflow - 		 -> $r02 = $r06.<android.content.pm.PackageInfo: android.content.pm.ApplicationInfo applicationInfo>
2021-12-30 18:27:25 [main] INFO  s.j.i.a.SetupApplication$InPlaceInfoflow - 	 -> <com.swof.filemanager.filestore.a.a: java.lang.Object bp(int)>
2021-12-30 18:27:25 [main] INFO  s.j.i.a.SetupApplication$InPlaceInfoflow - 		 -> $r28 = $r02.<android.content.pm.ApplicationInfo: java.lang.String sourceDir>
2021-12-30 18:27:25 [main] INFO  s.j.i.a.SetupApplication$InPlaceInfoflow - 	 -> <com.swof.filemanager.filestore.a.a: java.lang.Object bp(int)>
2021-12-30 18:27:25 [main] INFO  s.j.i.a.SetupApplication$InPlaceInfoflow - 		 -> $r29 = staticinvoke <com.swof.filemanager.d.f: java.lang.String getName(java.lang.String)>($r28)
2021-12-30 18:27:25 [main] INFO  s.j.i.a.SetupApplication$InPlaceInfoflow - 	 -> <com.swof.filemanager.d.f: java.lang.String getName(java.lang.String)>
2021-12-30 18:27:25 [main] INFO  s.j.i.a.SetupApplication$InPlaceInfoflow - 		 -> $r02 = virtualinvoke $r00.<java.lang.String: java.lang.String substring(int)>($i06)
2021-12-30 18:27:25 [main] INFO  s.j.i.a.SetupApplication$InPlaceInfoflow - 	 -> <com.swof.filemanager.d.f: java.lang.String getName(java.lang.String)>
2021-12-30 18:27:25 [main] INFO  s.j.i.a.SetupApplication$InPlaceInfoflow - 		 -> return $r02
2021-12-30 18:27:25 [main] INFO  s.j.i.a.SetupApplication$InPlaceInfoflow - 	 -> <com.swof.filemanager.filestore.b.f: void run()>
2021-12-30 18:27:25 [main] INFO  s.j.i.a.SetupApplication$InPlaceInfoflow - 		 -> virtualinvoke $r01.<android.content.ContentValues: void put(java.lang.String,java.lang.String)>("_display_name", $r07)
2021-12-30 18:27:25 [main] INFO  s.j.i.a.SetupApplication$InPlaceInfoflow - 	 -> <com.swof.filemanager.filestore.b.f: void run()>
2021-12-30 18:27:25 [main] INFO  s.j.i.a.SetupApplication$InPlaceInfoflow - 		 -> virtualinvoke $r00.<android.content.ContentResolver: int update(android.net.Uri,android.content.ContentValues,java.lang.String,java.lang.String[])>($r03, $r01, "_data=?", $r09)
2021-12-30 18:27:25 [main] INFO  s.j.i.a.SetupApplication$InPlaceInfoflow - - $r05 = virtualinvoke $r00.<android.content.ContentResolver: android.database.Cursor query(android.net.Uri,java.lang.String[],java.lang.String,java.lang.String[],java.lang.String,android.os.CancellationSignal)>($r08, $r22, $r20, $r21, null, $r11) in method <com.swof.filemanager.filestore.a.d: android.database.Cursor jB()>
2021-12-30 18:27:25 [main] INFO  s.j.i.a.SetupApplication$InPlaceInfoflow - 	on Path: 
2021-12-30 18:27:25 [main] INFO  s.j.i.a.SetupApplication$InPlaceInfoflow - 	 -> <com.swof.filemanager.filestore.a.d: android.database.Cursor jB()>
2021-12-30 18:27:25 [main] INFO  s.j.i.a.SetupApplication$InPlaceInfoflow - 		 -> $r05 = virtualinvoke $r00.<android.content.ContentResolver: android.database.Cursor query(android.net.Uri,java.lang.String[],java.lang.String,java.lang.String[],java.lang.String,android.os.CancellationSignal)>($r08, $r22, $r20, $r21, null, $r11)
2021-12-30 18:27:25 [main] INFO  s.j.i.a.SetupApplication$InPlaceInfoflow - 	 -> <com.swof.filemanager.filestore.a.d: android.database.Cursor jB()>
2021-12-30 18:27:25 [main] INFO  s.j.i.a.SetupApplication$InPlaceInfoflow - 		 -> $r06 = $r05
2021-12-30 18:27:25 [main] INFO  s.j.i.a.SetupApplication$InPlaceInfoflow - 	 -> <com.swof.filemanager.filestore.a.d: android.database.Cursor jB()>
2021-12-30 18:27:25 [main] INFO  s.j.i.a.SetupApplication$InPlaceInfoflow - 		 -> return $r06
2021-12-30 18:27:25 [main] INFO  s.j.i.a.SetupApplication$InPlaceInfoflow - 	 -> <com.swof.filemanager.filestore.a.d: android.database.Cursor jA()>
2021-12-30 18:27:25 [main] INFO  s.j.i.a.SetupApplication$InPlaceInfoflow - 		 -> return $r0
2021-12-30 18:27:25 [main] INFO  s.j.i.a.SetupApplication$InPlaceInfoflow - 	 -> <com.swof.filemanager.filestore.c: void a(com.swof.filemanager.filestore.a.e,java.util.List,com.swof.filemanager.filestore.b.a)>
2021-12-30 18:27:25 [main] INFO  s.j.i.a.SetupApplication$InPlaceInfoflow - 		 -> staticinvoke <com.swof.filemanager.filestore.c: boolean a(android.database.Cursor,java.util.List,com.swof.filemanager.filestore.b.a)>($r00, $r10, $r05)
2021-12-30 18:27:25 [main] INFO  s.j.i.a.SetupApplication$InPlaceInfoflow - 	 -> <com.swof.filemanager.filestore.c: boolean a(android.database.Cursor,java.util.List,com.swof.filemanager.filestore.b.a)>
2021-12-30 18:27:25 [main] INFO  s.j.i.a.SetupApplication$InPlaceInfoflow - 		 -> interfaceinvoke $r02.<com.swof.filemanager.filestore.b.a: boolean a(android.database.Cursor,java.lang.String)>($r00, $r05)
2021-12-30 18:27:25 [main] INFO  s.j.i.a.SetupApplication$InPlaceInfoflow - 	 -> <com.swof.filemanager.filestore.b.d: boolean a(android.database.Cursor,java.lang.String)>
2021-12-30 18:27:25 [main] INFO  s.j.i.a.SetupApplication$InPlaceInfoflow - 		 -> $z0 = interfaceinvoke $r0.<android.database.Cursor: boolean isNull(int)>($i0)
2021-12-30 18:27:25 [main] INFO  s.j.i.a.SetupApplication$InPlaceInfoflow - 	 -> <com.swof.filemanager.filestore.a.a: boolean isNull(int)>
2021-12-30 18:27:25 [main] INFO  s.j.i.a.SetupApplication$InPlaceInfoflow - 		 -> $r1 = specialinvoke $r0.<com.swof.filemanager.filestore.a.a: java.lang.Object bp(int)>($i0)
2021-12-30 18:27:25 [main] INFO  s.j.i.a.SetupApplication$InPlaceInfoflow - 	 -> <com.swof.filemanager.filestore.a.a: java.lang.Object bp(int)>
2021-12-30 18:27:25 [main] INFO  s.j.i.a.SetupApplication$InPlaceInfoflow - 		 -> $r36 = $r08.<com.swof.filemanager.filestore.a.a: java.util.List Te>
2021-12-30 18:27:25 [main] INFO  s.j.i.a.SetupApplication$InPlaceInfoflow - 	 -> <com.swof.filemanager.filestore.a.a: java.lang.Object bp(int)>
2021-12-30 18:27:25 [main] INFO  s.j.i.a.SetupApplication$InPlaceInfoflow - 		 -> $r22 = interfaceinvoke $r36.<java.util.List: java.lang.Object get(int)>($i02)
2021-12-30 18:27:25 [main] INFO  s.j.i.a.SetupApplication$InPlaceInfoflow - 	 -> <com.swof.filemanager.filestore.a.a: java.lang.Object bp(int)>
2021-12-30 18:27:25 [main] INFO  s.j.i.a.SetupApplication$InPlaceInfoflow - 		 -> $r06 = (android.content.pm.PackageInfo) $r22
2021-12-30 18:27:25 [main] INFO  s.j.i.a.SetupApplication$InPlaceInfoflow - 	 -> <com.swof.filemanager.filestore.a.a: java.lang.Object bp(int)>
2021-12-30 18:27:25 [main] INFO  s.j.i.a.SetupApplication$InPlaceInfoflow - 		 -> $r02 = $r06.<android.content.pm.PackageInfo: android.content.pm.ApplicationInfo applicationInfo>
2021-12-30 18:27:25 [main] INFO  s.j.i.a.SetupApplication$InPlaceInfoflow - 	 -> <com.swof.filemanager.filestore.a.a: java.lang.Object bp(int)>
2021-12-30 18:27:25 [main] INFO  s.j.i.a.SetupApplication$InPlaceInfoflow - 		 -> $r28 = $r02.<android.content.pm.ApplicationInfo: java.lang.String sourceDir>
2021-12-30 18:27:25 [main] INFO  s.j.i.a.SetupApplication$InPlaceInfoflow - 	 -> <com.swof.filemanager.filestore.a.a: java.lang.Object bp(int)>
2021-12-30 18:27:25 [main] INFO  s.j.i.a.SetupApplication$InPlaceInfoflow - 		 -> $r29 = staticinvoke <com.swof.filemanager.d.f: java.lang.String getName(java.lang.String)>($r28)
2021-12-30 18:27:25 [main] INFO  s.j.i.a.SetupApplication$InPlaceInfoflow - 	 -> <com.swof.filemanager.d.f: java.lang.String getName(java.lang.String)>
2021-12-30 18:27:25 [main] INFO  s.j.i.a.SetupApplication$InPlaceInfoflow - 		 -> $r02 = virtualinvoke $r00.<java.lang.String: java.lang.String substring(int)>($i06)
2021-12-30 18:27:25 [main] INFO  s.j.i.a.SetupApplication$InPlaceInfoflow - 	 -> <com.swof.filemanager.d.f: java.lang.String getName(java.lang.String)>
2021-12-30 18:27:25 [main] INFO  s.j.i.a.SetupApplication$InPlaceInfoflow - 		 -> return $r02
2021-12-30 18:27:25 [main] INFO  s.j.i.a.SetupApplication$InPlaceInfoflow - 	 -> <com.swof.filemanager.filestore.b.f: void run()>
2021-12-30 18:27:25 [main] INFO  s.j.i.a.SetupApplication$InPlaceInfoflow - 		 -> virtualinvoke $r01.<android.content.ContentValues: void put(java.lang.String,java.lang.String)>("_display_name", $r07)
2021-12-30 18:27:25 [main] INFO  s.j.i.a.SetupApplication$InPlaceInfoflow - 	 -> <com.swof.filemanager.filestore.b.f: void run()>
2021-12-30 18:27:25 [main] INFO  s.j.i.a.SetupApplication$InPlaceInfoflow - 		 -> virtualinvoke $r00.<android.content.ContentResolver: int update(android.net.Uri,android.content.ContentValues,java.lang.String,java.lang.String[])>($r03, $r01, "_data=?", $r09)
2021-12-30 18:27:25 [main] INFO  s.j.i.a.SetupApplication$InPlaceInfoflow - The sink virtualinvoke $r0.<android.os.Bundle: void putString(java.lang.String,java.lang.String)>("download_browser_ua", $r5) in method <com.uc.browser.core.download.service.z: void asB()> was called with values from the following sources:
2021-12-30 18:27:25 [main] INFO  s.j.i.a.SetupApplication$InPlaceInfoflow - - $r20 = virtualinvoke $r32.<java.util.Locale: java.lang.String getCountry()>() in method <com.uc.browser.webcore.e.a: java.lang.String getSystemUserAgent()>
2021-12-30 18:27:25 [main] INFO  s.j.i.a.SetupApplication$InPlaceInfoflow - 	on Path: 
2021-12-30 18:27:25 [main] INFO  s.j.i.a.SetupApplication$InPlaceInfoflow - 	 -> <com.uc.browser.webcore.e.a: java.lang.String getSystemUserAgent()>
2021-12-30 18:27:25 [main] INFO  s.j.i.a.SetupApplication$InPlaceInfoflow - 		 -> $r20 = virtualinvoke $r32.<java.util.Locale: java.lang.String getCountry()>()
2021-12-30 18:27:25 [main] INFO  s.j.i.a.SetupApplication$InPlaceInfoflow - 	 -> <com.uc.browser.webcore.e.a: java.lang.String getSystemUserAgent()>
2021-12-30 18:27:25 [main] INFO  s.j.i.a.SetupApplication$InPlaceInfoflow - 		 -> $r21 = virtualinvoke $r20.<java.lang.String: java.lang.String toLowerCase()>()
2021-12-30 18:27:25 [main] INFO  s.j.i.a.SetupApplication$InPlaceInfoflow - 	 -> <com.uc.browser.webcore.e.a: java.lang.String getSystemUserAgent()>
2021-12-30 18:27:25 [main] INFO  s.j.i.a.SetupApplication$InPlaceInfoflow - 		 -> virtualinvoke $r31.<java.lang.StringBuffer: java.lang.StringBuffer append(java.lang.String)>($r21)
2021-12-30 18:27:25 [main] INFO  s.j.i.a.SetupApplication$InPlaceInfoflow - 	 -> <com.uc.browser.webcore.e.a: java.lang.String getSystemUserAgent()>
2021-12-30 18:27:25 [main] INFO  s.j.i.a.SetupApplication$InPlaceInfoflow - 		 -> $r10[0] = $r31
2021-12-30 18:27:25 [main] INFO  s.j.i.a.SetupApplication$InPlaceInfoflow - 	 -> <com.uc.browser.webcore.e.a: java.lang.String getSystemUserAgent()>
2021-12-30 18:27:25 [main] INFO  s.j.i.a.SetupApplication$InPlaceInfoflow - 		 -> $r27 = staticinvoke <java.lang.String: java.lang.String format(java.lang.String,java.lang.Object[])>($r11, $r10)
2021-12-30 18:27:25 [main] INFO  s.j.i.a.SetupApplication$InPlaceInfoflow - 	 -> <com.uc.browser.webcore.e.a: java.lang.String getSystemUserAgent()>
2021-12-30 18:27:25 [main] INFO  s.j.i.a.SetupApplication$InPlaceInfoflow - 		 -> $r07.<com.uc.browser.webcore.e.a: java.lang.String hRO> = $r27
2021-12-30 18:27:25 [main] INFO  s.j.i.a.SetupApplication$InPlaceInfoflow - 	 -> <com.uc.browser.webcore.e.a: java.lang.String getSystemUserAgent()>
2021-12-30 18:27:25 [main] INFO  s.j.i.a.SetupApplication$InPlaceInfoflow - 		 -> r30 = $r07.<com.uc.browser.webcore.e.a: java.lang.String hRO>
2021-12-30 18:27:25 [main] INFO  s.j.i.a.SetupApplication$InPlaceInfoflow - 	 -> <com.uc.browser.webcore.e.a: java.lang.String getSystemUserAgent()>
2021-12-30 18:27:25 [main] INFO  s.j.i.a.SetupApplication$InPlaceInfoflow - 		 -> return r30
2021-12-30 18:27:25 [main] INFO  s.j.i.a.SetupApplication$InPlaceInfoflow - 	 -> <com.uc.browser.webcore.e.a: java.lang.String DS(java.lang.String)>
2021-12-30 18:27:25 [main] INFO  s.j.i.a.SetupApplication$InPlaceInfoflow - 		 -> return $r12
2021-12-30 18:27:25 [main] INFO  s.j.i.a.SetupApplication$InPlaceInfoflow - 	 -> <com.uc.browser.core.download.service.z: void asB()>
2021-12-30 18:27:25 [main] INFO  s.j.i.a.SetupApplication$InPlaceInfoflow - 		 -> virtualinvoke $r0.<android.os.Bundle: void putString(java.lang.String,java.lang.String)>("download_browser_ua", $r5)
2021-12-30 18:27:25 [main] INFO  s.j.i.a.SetupApplication$InPlaceInfoflow - The sink interfaceinvoke $r3.<android.content.SharedPreferences$Editor: android.content.SharedPreferences$Editor putString(java.lang.String,java.lang.String)>($r5, $r6) in method <com.uc.base.util.temp.ad: void e(android.content.Context,java.lang.String,java.lang.String,java.lang.String)> was called with values from the following sources:
2021-12-30 18:27:25 [main] INFO  s.j.i.a.SetupApplication$InPlaceInfoflow - - $r20 = virtualinvoke $r32.<java.util.Locale: java.lang.String getCountry()>() in method <com.uc.browser.webcore.e.a: java.lang.String getSystemUserAgent()>
2021-12-30 18:27:25 [main] INFO  s.j.i.a.SetupApplication$InPlaceInfoflow - 	on Path: 
2021-12-30 18:27:25 [main] INFO  s.j.i.a.SetupApplication$InPlaceInfoflow - 	 -> <com.uc.browser.webcore.e.a: java.lang.String getSystemUserAgent()>
2021-12-30 18:27:25 [main] INFO  s.j.i.a.SetupApplication$InPlaceInfoflow - 		 -> $r20 = virtualinvoke $r32.<java.util.Locale: java.lang.String getCountry()>()
2021-12-30 18:27:25 [main] INFO  s.j.i.a.SetupApplication$InPlaceInfoflow - 	 -> <com.uc.browser.webcore.e.a: java.lang.String getSystemUserAgent()>
2021-12-30 18:27:25 [main] INFO  s.j.i.a.SetupApplication$InPlaceInfoflow - 		 -> $r21 = virtualinvoke $r20.<java.lang.String: java.lang.String toLowerCase()>()
2021-12-30 18:27:25 [main] INFO  s.j.i.a.SetupApplication$InPlaceInfoflow - 	 -> <com.uc.browser.webcore.e.a: java.lang.String getSystemUserAgent()>
2021-12-30 18:27:25 [main] INFO  s.j.i.a.SetupApplication$InPlaceInfoflow - 		 -> virtualinvoke $r31.<java.lang.StringBuffer: java.lang.StringBuffer append(java.lang.String)>($r21)
2021-12-30 18:27:25 [main] INFO  s.j.i.a.SetupApplication$InPlaceInfoflow - 	 -> <com.uc.browser.webcore.e.a: java.lang.String getSystemUserAgent()>
2021-12-30 18:27:25 [main] INFO  s.j.i.a.SetupApplication$InPlaceInfoflow - 		 -> $r10[0] = $r31
2021-12-30 18:27:25 [main] INFO  s.j.i.a.SetupApplication$InPlaceInfoflow - 	 -> <com.uc.browser.webcore.e.a: java.lang.String getSystemUserAgent()>
2021-12-30 18:27:25 [main] INFO  s.j.i.a.SetupApplication$InPlaceInfoflow - 		 -> $r27 = staticinvoke <java.lang.String: java.lang.String format(java.lang.String,java.lang.Object[])>($r11, $r10)
2021-12-30 18:27:25 [main] INFO  s.j.i.a.SetupApplication$InPlaceInfoflow - 	 -> <com.uc.browser.webcore.e.a: java.lang.String getSystemUserAgent()>
2021-12-30 18:27:25 [main] INFO  s.j.i.a.SetupApplication$InPlaceInfoflow - 		 -> $r07.<com.uc.browser.webcore.e.a: java.lang.String hRO> = $r27
2021-12-30 18:27:25 [main] INFO  s.j.i.a.SetupApplication$InPlaceInfoflow - 	 -> <com.uc.browser.webcore.e.a: java.lang.String getSystemUserAgent()>
2021-12-30 18:27:25 [main] INFO  s.j.i.a.SetupApplication$InPlaceInfoflow - 		 -> $r29 = $r07.<com.uc.browser.webcore.e.a: java.lang.String hRO>
2021-12-30 18:27:25 [main] INFO  s.j.i.a.SetupApplication$InPlaceInfoflow - 	 -> <com.uc.browser.webcore.e.a: java.lang.String getSystemUserAgent()>
2021-12-30 18:27:25 [main] INFO  s.j.i.a.SetupApplication$InPlaceInfoflow - 		 -> staticinvoke <com.uc.base.util.temp.ad: void aX(java.lang.String,java.lang.String)>("SystemUserAgent", $r29)
2021-12-30 18:27:25 [main] INFO  s.j.i.a.SetupApplication$InPlaceInfoflow - 	 -> <com.uc.base.util.temp.ad: void aX(java.lang.String,java.lang.String)>
2021-12-30 18:27:25 [main] INFO  s.j.i.a.SetupApplication$InPlaceInfoflow - 		 -> staticinvoke <com.uc.base.util.temp.ad: void e(android.content.Context,java.lang.String,java.lang.String,java.lang.String)>($r0, "9664302A405DA1820E68DD54BE1E9868", "SystemUserAgent", $r2)
2021-12-30 18:27:25 [main] INFO  s.j.i.a.SetupApplication$InPlaceInfoflow - 	 -> <com.uc.base.util.temp.ad: void e(android.content.Context,java.lang.String,java.lang.String,java.lang.String)>
2021-12-30 18:27:25 [main] INFO  s.j.i.a.SetupApplication$InPlaceInfoflow - 		 -> interfaceinvoke $r3.<android.content.SharedPreferences$Editor: android.content.SharedPreferences$Editor putString(java.lang.String,java.lang.String)>($r5, $r6)
2021-12-30 18:27:25 [main] INFO  s.j.i.a.SetupApplication$InPlaceInfoflow - The sink virtualinvoke $r04.<java.io.ByteArrayOutputStream: void write(byte[],int,int)>($r01, 0, $i06) in method <com.uc.webview.export.internal.uc.wa.a: boolean b(java.lang.String,byte[])> was called with values from the following sources:
2021-12-30 18:27:25 [main] INFO  s.j.i.a.SetupApplication$InPlaceInfoflow - - $r05 = virtualinvoke $r20.<java.net.HttpURLConnection: java.io.InputStream getInputStream()>() in method <com.uc.webview.export.internal.uc.wa.a: boolean b(java.lang.String,byte[])>
2021-12-30 18:27:25 [main] INFO  s.j.i.a.SetupApplication$InPlaceInfoflow - 	on Path: 
2021-12-30 18:27:25 [main] INFO  s.j.i.a.SetupApplication$InPlaceInfoflow - 	 -> <com.uc.webview.export.internal.uc.wa.a: boolean b(java.lang.String,byte[])>
2021-12-30 18:27:25 [main] INFO  s.j.i.a.SetupApplication$InPlaceInfoflow - 		 -> $r05 = virtualinvoke $r20.<java.net.HttpURLConnection: java.io.InputStream getInputStream()>()
2021-12-30 18:27:25 [main] INFO  s.j.i.a.SetupApplication$InPlaceInfoflow - 	 -> <com.uc.webview.export.internal.uc.wa.a: boolean b(java.lang.String,byte[])>
2021-12-30 18:27:25 [main] INFO  s.j.i.a.SetupApplication$InPlaceInfoflow - 		 -> $i06 = virtualinvoke $r05.<java.io.InputStream: int read(byte[])>($r01)
2021-12-30 18:27:25 [main] INFO  s.j.i.a.SetupApplication$InPlaceInfoflow - 	 -> <com.uc.webview.export.internal.uc.wa.a: boolean b(java.lang.String,byte[])>
2021-12-30 18:27:25 [main] INFO  s.j.i.a.SetupApplication$InPlaceInfoflow - 		 -> virtualinvoke $r04.<java.io.ByteArrayOutputStream: void write(byte[],int,int)>($r01, 0, $i06)
2021-12-30 18:27:25 [main] INFO  s.j.i.a.SetupApplication$InPlaceInfoflow - The sink virtualinvoke $r08.<java.io.ByteArrayOutputStream: void write(byte[])>($r05) in method <com.c.a.c.c: byte[] Fv()> was called with values from the following sources:
2021-12-30 18:27:25 [main] INFO  s.j.i.a.SetupApplication$InPlaceInfoflow - - $r5 = virtualinvoke $r1.<android.telephony.TelephonyManager: java.lang.String getDeviceId()>() in method <com.c.a.b.a.b: java.lang.String bH(android.content.Context)>
2021-12-30 18:27:25 [main] INFO  s.j.i.a.SetupApplication$InPlaceInfoflow - 	on Path: 
2021-12-30 18:27:25 [main] INFO  s.j.i.a.SetupApplication$InPlaceInfoflow - 	 -> <com.c.a.b.a.b: java.lang.String bH(android.content.Context)>
2021-12-30 18:27:25 [main] INFO  s.j.i.a.SetupApplication$InPlaceInfoflow - 		 -> $r5 = virtualinvoke $r1.<android.telephony.TelephonyManager: java.lang.String getDeviceId()>()
2021-12-30 18:27:25 [main] INFO  s.j.i.a.SetupApplication$InPlaceInfoflow - 	 -> <com.c.a.b.a.b: java.lang.String bH(android.content.Context)>
2021-12-30 18:27:25 [main] INFO  s.j.i.a.SetupApplication$InPlaceInfoflow - 		 -> $r4 = $r5
2021-12-30 18:27:25 [main] INFO  s.j.i.a.SetupApplication$InPlaceInfoflow - 	 -> <com.c.a.b.a.b: java.lang.String bH(android.content.Context)>
2021-12-30 18:27:25 [main] INFO  s.j.i.a.SetupApplication$InPlaceInfoflow - 		 -> return $r4
2021-12-30 18:27:25 [main] INFO  s.j.i.a.SetupApplication$InPlaceInfoflow - 	 -> <com.c.a.c.c: byte[] Fv()>
2021-12-30 18:27:25 [main] INFO  s.j.i.a.SetupApplication$InPlaceInfoflow - 		 -> $r11 = $r10
2021-12-30 18:27:25 [main] INFO  s.j.i.a.SetupApplication$InPlaceInfoflow - 	 -> <com.c.a.c.c: byte[] Fv()>
2021-12-30 18:27:25 [main] INFO  s.j.i.a.SetupApplication$InPlaceInfoflow - 		 -> $i03 = staticinvoke <com.c.a.b.a.a: int hz(java.lang.String)>($r11)
2021-12-30 18:27:25 [main] INFO  s.j.i.a.SetupApplication$InPlaceInfoflow - 	 -> <com.c.a.b.a.a: int hz(java.lang.String)>
2021-12-30 18:27:25 [main] INFO  s.j.i.a.SetupApplication$InPlaceInfoflow - 		 -> $r0 = virtualinvoke $r1.<java.lang.String: char[] toCharArray()>()
2021-12-30 18:27:25 [main] INFO  s.j.i.a.SetupApplication$InPlaceInfoflow - 	 -> <com.c.a.b.a.a: int hz(java.lang.String)>
2021-12-30 18:27:25 [main] INFO  s.j.i.a.SetupApplication$InPlaceInfoflow - 		 -> $c0 = $r0[$i2]
2021-12-30 18:27:25 [main] INFO  s.j.i.a.SetupApplication$InPlaceInfoflow - 	 -> <com.c.a.b.a.a: int hz(java.lang.String)>
2021-12-30 18:27:25 [main] INFO  s.j.i.a.SetupApplication$InPlaceInfoflow - 		 -> $i3 = $i5 + $c0
2021-12-30 18:27:25 [main] INFO  s.j.i.a.SetupApplication$InPlaceInfoflow - 	 -> <com.c.a.b.a.a: int hz(java.lang.String)>
2021-12-30 18:27:25 [main] INFO  s.j.i.a.SetupApplication$InPlaceInfoflow - 		 -> return $i3
2021-12-30 18:27:25 [main] INFO  s.j.i.a.SetupApplication$InPlaceInfoflow - 	 -> <com.c.a.c.c: byte[] Fv()>
2021-12-30 18:27:25 [main] INFO  s.j.i.a.SetupApplication$InPlaceInfoflow - 		 -> $r03 = staticinvoke <com.c.a.b.a.g: byte[] getBytes(int)>($i03)
2021-12-30 18:27:25 [main] INFO  s.j.i.a.SetupApplication$InPlaceInfoflow - 	 -> <com.c.a.b.a.g: byte[] getBytes(int)>
2021-12-30 18:27:25 [main] INFO  s.j.i.a.SetupApplication$InPlaceInfoflow - 		 -> $i05 = $i04 % 256
2021-12-30 18:27:25 [main] INFO  s.j.i.a.SetupApplication$InPlaceInfoflow - 	 -> <com.c.a.b.a.g: byte[] getBytes(int)>
2021-12-30 18:27:25 [main] INFO  s.j.i.a.SetupApplication$InPlaceInfoflow - 		 -> $b00 = (byte) $i05
2021-12-30 18:27:25 [main] INFO  s.j.i.a.SetupApplication$InPlaceInfoflow - 	 -> <com.c.a.b.a.g: byte[] getBytes(int)>
2021-12-30 18:27:25 [main] INFO  s.j.i.a.SetupApplication$InPlaceInfoflow - 		 -> $r00[3] = $b00
2021-12-30 18:27:25 [main] INFO  s.j.i.a.SetupApplication$InPlaceInfoflow - 	 -> <com.c.a.b.a.g: byte[] getBytes(int)>
2021-12-30 18:27:25 [main] INFO  s.j.i.a.SetupApplication$InPlaceInfoflow - 		 -> return $r00
2021-12-30 18:27:25 [main] INFO  s.j.i.a.SetupApplication$InPlaceInfoflow - 	 -> <com.c.a.c.c: byte[] Fv()>
2021-12-30 18:27:25 [main] INFO  s.j.i.a.SetupApplication$InPlaceInfoflow - 		 -> virtualinvoke $r08.<java.io.ByteArrayOutputStream: void write(byte[],int,int)>($r03, 0, 4)
2021-12-30 18:27:25 [main] INFO  s.j.i.a.SetupApplication$InPlaceInfoflow - 	 -> <com.c.a.c.c: byte[] Fv()>
2021-12-30 18:27:25 [main] INFO  s.j.i.a.SetupApplication$InPlaceInfoflow - 		 -> virtualinvoke $r08.<java.io.ByteArrayOutputStream: void write(byte[])>($r05)
2021-12-30 18:27:25 [main] INFO  s.j.i.a.SetupApplication$InPlaceInfoflow - Data flow solver took 420 seconds. Maximum memory consumption: 4368 MB
2021-12-30 18:27:25 [main] INFO  s.j.i.android.SetupApplication - Found 11 leaks
2021-12-30 18:27:26 [main] INFO  d.u.t.heapdumps.analysis.Driver - Finished analysis. Took 8.966 min. Writing out results...
2021-12-30 18:27:26 [main] INFO  d.u.t.heapdumps.analysis.Driver - Terminaton state: 0, #Sources 11, #Sinks 13, #Classes: 19594, #Methods: 108794, #AppClasses: 16974, #AppMethods: 79719
2021-12-30 18:27:26 [main] INFO  d.u.t.heapdumps.analysis.Driver - Callgraph Construction: 112 seconds
Taint Propagation: 386 seconds
Path Reconstruction: 28 seconds
Total Runtime: 532 seconds
Max Memory Consumption: 4368 MB

	Command being timed: "java -d64 -Xmx80G -jar ../heapster-1.0-SNAPSHOT-jar-with-dependencies.jar -dis no_dumps /data/wenfeng/Android/Sdk/platforms ../DroidMacroBench/repacked_apps/com.uc.browser.en.apk"
	User time (seconds): 1454.32
	System time (seconds): 59.31
	Percent of CPU this job got: 280%
	Elapsed (wall clock) time (h:mm:ss or m:ss): 8:59.29
	Average shared text size (kbytes): 0
	Average unshared data size (kbytes): 0
	Average stack size (kbytes): 0
	Average total size (kbytes): 0
	Maximum resident set size (kbytes): 30117376
	Average resident set size (kbytes): 0
	Major (requiring I/O) page faults: 1
	Minor (reclaiming a frame) page faults: 7697774
	Voluntary context switches: 1543436
	Involuntary context switches: 42594
	Swaps: 0
	File system inputs: 20824
	File system outputs: 1000
	Socket messages sent: 0
	Socket messages received: 0
	Signals delivered: 0
	Page size (bytes): 4096
	Exit status: 0
